Determining if the pthread_create exist failed with the following output:
Change Dir: /home/yuseung/sve_design_project/build/ublox_msgs/CMakeFiles/CMakeTmp

Run Build Command:"/usr/bin/make" "cmTC_0bbd8/fast"
/usr/bin/make -f CMakeFiles/cmTC_0bbd8.dir/build.make CMakeFiles/cmTC_0bbd8.dir/build
make[1]: 디렉터리 '/home/yuseung/sve_design_project/build/ublox_msgs/CMakeFiles/CMakeTmp' 들어감
Building C object CMakeFiles/cmTC_0bbd8.dir/CheckSymbolExists.c.o
/usr/bin/cc    -o CMakeFiles/cmTC_0bbd8.dir/CheckSymbolExists.c.o   -c /home/yuseung/sve_design_project/build/ublox_msgs/CMakeFiles/CMakeTmp/CheckSymbolExists.c
Linking C executable cmTC_0bbd8
/usr/bin/cmake -E cmake_link_script CMakeFiles/cmTC_0bbd8.dir/link.txt --verbose=1
/usr/bin/cc      -rdynamic CMakeFiles/cmTC_0bbd8.dir/CheckSymbolExists.c.o  -o cmTC_0bbd8 
CMakeFiles/cmTC_0bbd8.dir/CheckSymbolExists.c.o: In function `main':
CheckSymbolExists.c:(.text+0x1b): undefined reference to `pthread_create'
collect2: error: ld returned 1 exit status
CMakeFiles/cmTC_0bbd8.dir/build.make:97: recipe for target 'cmTC_0bbd8' failed
make[1]: *** [cmTC_0bbd8] Error 1
make[1]: 디렉터리 '/home/yuseung/sve_design_project/build/ublox_msgs/CMakeFiles/CMakeTmp' 나감
Makefile:126: recipe for target 'cmTC_0bbd8/fast' failed
make: *** [cmTC_0bbd8/fast] Error 2

File /home/yuseung/sve_design_project/build/ublox_msgs/CMakeFiles/CMakeTmp/CheckSymbolExists.c:
/* */
#include <pthread.h>

int main(int argc, char** argv)
{
  (void)argv;
#ifndef pthread_create
  return ((int*)(&pthread_create))[argc];
#else
  (void)argc;
  return 0;
#endif
}

Determining if the function pthread_create exists in the pthreads failed with the following output:
Change Dir: /home/yuseung/sve_design_project/build/ublox_msgs/CMakeFiles/CMakeTmp

Run Build Command:"/usr/bin/make" "cmTC_2b286/fast"
/usr/bin/make -f CMakeFiles/cmTC_2b286.dir/build.make CMakeFiles/cmTC_2b286.dir/build
make[1]: 디렉터리 '/home/yuseung/sve_design_project/build/ublox_msgs/CMakeFiles/CMakeTmp' 들어감
Building C object CMakeFiles/cmTC_2b286.dir/CheckFunctionExists.c.o
/usr/bin/cc   -DCHECK_FUNCTION_EXISTS=pthread_create   -o CMakeFiles/cmTC_2b286.dir/CheckFunctionExists.c.o   -c /usr/share/cmake-3.10/Modules/CheckFunctionExists.c
Linking C executable cmTC_2b286
/usr/bin/cmake -E cmake_link_script CMakeFiles/cmTC_2b286.dir/link.txt --verbose=1
/usr/bin/cc  -DCHECK_FUNCTION_EXISTS=pthread_create    -rdynamic CMakeFiles/cmTC_2b286.dir/CheckFunctionExists.c.o  -o cmTC_2b286 -lpthreads 
/usr/bin/ld: cannot find -lpthreads
collect2: error: ld returned 1 exit status
CMakeFiles/cmTC_2b286.dir/build.make:97: recipe for target 'cmTC_2b286' failed
make[1]: *** [cmTC_2b286] Error 1
make[1]: 디렉터리 '/home/yuseung/sve_design_project/build/ublox_msgs/CMakeFiles/CMakeTmp' 나감
Makefile:126: recipe for target 'cmTC_2b286/fast' failed
make: *** [cmTC_2b286/fast] Error 2


