[  0%] Built target roscpp_generate_messages_lisp
[  0%] Built target std_msgs_generate_messages_eus
[  0%] Built target rosgraph_msgs_generate_messages_lisp
[  0%] Built target rosserial_msgs_generate_messages_nodejs
[  0%] Built target rosgraph_msgs_generate_messages_eus
[  0%] Built target roscpp_generate_messages_cpp
[  0%] Built target std_msgs_generate_messages_cpp
[  0%] Built target rosserial_msgs_generate_messages_eus
[  0%] Built target std_msgs_generate_messages_lisp
[  0%] Built target std_msgs_generate_messages_nodejs
[  0%] Built target rosserial_msgs_generate_messages_cpp
[ 12%] [32m[1mLinking CXX shared library /home/soo/sve_design_project/devel/.private/rosserial_server/lib/librosserial_server_lookup.so[0m
[ 25%] Built target rosserial_server_lookup
[ 25%] Built target rosgraph_msgs_generate_messages_cpp
[ 25%] Built target topic_tools_generate_messages_cpp
[ 25%] Built target topic_tools_generate_messages_eus
[ 25%] Built target rosserial_msgs_generate_messages_lisp
[ 25%] Built target rosserial_msgs_generate_messages_py
[ 25%] Built target topic_tools_generate_messages_lisp
[ 25%] Built target topic_tools_generate_messages_nodejs
[ 25%] Built target topic_tools_generate_messages_py
[ 25%] Built target rosgraph_msgs_generate_messages_nodejs
[ 25%] Built target rosgraph_msgs_generate_messages_py
[ 25%] Built target roscpp_generate_messages_py
[ 25%] Built target std_msgs_generate_messages_py
[ 25%] Built target roscpp_generate_messages_nodejs
[ 25%] Built target roscpp_generate_messages_eus
[ 37%] [32m[1mLinking CXX executable /home/soo/sve_design_project/devel/.private/rosserial_server/lib/rosserial_server/serial_node[0m
[ 50%] Built target rosserial_server_serial_node
[ 62%] [32m[1mLinking CXX executable /home/soo/sve_design_project/devel/.private/rosserial_server/lib/rosserial_server/socket_node[0m
[ 75%] Built target rosserial_server_socket_node
[ 87%] [32m[1mLinking CXX executable /home/soo/sve_design_project/devel/.private/rosserial_server/lib/rosserial_server/udp_socket_node[0m
[100%] Built target rosserial_server_udp_socket_node
