[  0%] Built target topic_tools_generate_messages_py
[  0%] Built target rosgraph_msgs_generate_messages_nodejs
[  0%] Built target rosgraph_msgs_generate_messages_py
[  0%] Built target std_msgs_generate_messages_eus
[  0%] Built target rosgraph_msgs_generate_messages_lisp
[  0%] Built target rosserial_msgs_generate_messages_nodejs
[  0%] Built target rosgraph_msgs_generate_messages_eus
[  0%] Built target roscpp_generate_messages_py
[  0%] Built target std_msgs_generate_messages_py
[  0%] Built target roscpp_generate_messages_nodejs
[  0%] Built target roscpp_generate_messages_eus
[  0%] Built target roscpp_generate_messages_lisp
[  0%] Built target roscpp_generate_messages_cpp
[  0%] Built target std_msgs_generate_messages_cpp
[  0%] Built target rosserial_msgs_generate_messages_eus
[  0%] Built target std_msgs_generate_messages_lisp
[  0%] Built target std_msgs_generate_messages_nodejs
[  0%] Built target rosserial_msgs_generate_messages_cpp
[ 25%] Built target rosserial_server_lookup
[ 25%] Built target rosgraph_msgs_generate_messages_cpp
[ 25%] Built target topic_tools_generate_messages_cpp
[ 25%] Built target topic_tools_generate_messages_eus
[ 25%] Built target rosserial_msgs_generate_messages_lisp
[ 25%] Built target rosserial_msgs_generate_messages_py
[ 25%] Built target topic_tools_generate_messages_lisp
[ 25%] Built target topic_tools_generate_messages_nodejs
[ 37%] [32mBuilding CXX object CMakeFiles/rosserial_server_serial_node.dir/src/serial_node.cpp.o[0m
[ 50%] [32mBuilding CXX object CMakeFiles/rosserial_server_socket_node.dir/src/socket_node.cpp.o[0m
[35m[1mScanning dependencies of target rosserial_server_udp_socket_node[0m
[ 62%] [32mBuilding CXX object CMakeFiles/rosserial_server_udp_socket_node.dir/src/udp_socket_node.cpp.o[0m
[ 75%] [32m[1mLinking CXX executable /home/soo/sve_design_project/devel/.private/rosserial_server/lib/rosserial_server/serial_node[0m
[ 75%] Built target rosserial_server_serial_node
[ 87%] [32m[1mLinking CXX executable /home/soo/sve_design_project/devel/.private/rosserial_server/lib/rosserial_server/socket_node[0m
[ 87%] Built target rosserial_server_socket_node
[100%] [32m[1mLinking CXX executable /home/soo/sve_design_project/devel/.private/rosserial_server/lib/rosserial_server/udp_socket_node[0m
[100%] Built target rosserial_server_udp_socket_node
