Determining if the pthread_create exist failed with the following output:
Change Dir: /home/soo/sve_design_project/build/mavros_extras/CMakeFiles/CMakeTmp

Run Build Command:"/usr/bin/make" "cmTC_8782c/fast"
/usr/bin/make -f CMakeFiles/cmTC_8782c.dir/build.make CMakeFiles/cmTC_8782c.dir/build
make[1]: 디렉터리 '/home/soo/sve_design_project/build/mavros_extras/CMakeFiles/CMakeTmp' 들어감
Building C object CMakeFiles/cmTC_8782c.dir/CheckSymbolExists.c.o
/usr/bin/cc    -o CMakeFiles/cmTC_8782c.dir/CheckSymbolExists.c.o   -c /home/soo/sve_design_project/build/mavros_extras/CMakeFiles/CMakeTmp/CheckSymbolExists.c
Linking C executable cmTC_8782c
/usr/bin/cmake -E cmake_link_script CMakeFiles/cmTC_8782c.dir/link.txt --verbose=1
/usr/bin/cc      -rdynamic CMakeFiles/cmTC_8782c.dir/CheckSymbolExists.c.o  -o cmTC_8782c 
CMakeFiles/cmTC_8782c.dir/CheckSymbolExists.c.o: In function `main':
CheckSymbolExists.c:(.text+0x1b): undefined reference to `pthread_create'
collect2: error: ld returned 1 exit status
CMakeFiles/cmTC_8782c.dir/build.make:97: recipe for target 'cmTC_8782c' failed
make[1]: *** [cmTC_8782c] Error 1
make[1]: 디렉터리 '/home/soo/sve_design_project/build/mavros_extras/CMakeFiles/CMakeTmp' 나감
Makefile:126: recipe for target 'cmTC_8782c/fast' failed
make: *** [cmTC_8782c/fast] Error 2

File /home/soo/sve_design_project/build/mavros_extras/CMakeFiles/CMakeTmp/CheckSymbolExists.c:
/* */
#include <pthread.h>

int main(int argc, char** argv)
{
  (void)argv;
#ifndef pthread_create
  return ((int*)(&pthread_create))[argc];
#else
  (void)argc;
  return 0;
#endif
}

Determining if the function pthread_create exists in the pthreads failed with the following output:
Change Dir: /home/soo/sve_design_project/build/mavros_extras/CMakeFiles/CMakeTmp

Run Build Command:"/usr/bin/make" "cmTC_e3fbc/fast"
/usr/bin/make -f CMakeFiles/cmTC_e3fbc.dir/build.make CMakeFiles/cmTC_e3fbc.dir/build
make[1]: 디렉터리 '/home/soo/sve_design_project/build/mavros_extras/CMakeFiles/CMakeTmp' 들어감
Building C object CMakeFiles/cmTC_e3fbc.dir/CheckFunctionExists.c.o
/usr/bin/cc   -DCHECK_FUNCTION_EXISTS=pthread_create   -o CMakeFiles/cmTC_e3fbc.dir/CheckFunctionExists.c.o   -c /usr/share/cmake-3.10/Modules/CheckFunctionExists.c
Linking C executable cmTC_e3fbc
/usr/bin/cmake -E cmake_link_script CMakeFiles/cmTC_e3fbc.dir/link.txt --verbose=1
/usr/bin/cc  -DCHECK_FUNCTION_EXISTS=pthread_create    -rdynamic CMakeFiles/cmTC_e3fbc.dir/CheckFunctionExists.c.o  -o cmTC_e3fbc -lpthreads 
/usr/bin/ld: cannot find -lpthreads
collect2: error: ld returned 1 exit status
CMakeFiles/cmTC_e3fbc.dir/build.make:97: recipe for target 'cmTC_e3fbc' failed
make[1]: *** [cmTC_e3fbc] Error 1
make[1]: 디렉터리 '/home/soo/sve_design_project/build/mavros_extras/CMakeFiles/CMakeTmp' 나감
Makefile:126: recipe for target 'cmTC_e3fbc/fast' failed
make: *** [cmTC_e3fbc/fast] Error 2


