Determining if the pthread_create exist failed with the following output:
Change Dir: /home/yuseung/sve_design_project/build/libmavconn/CMakeFiles/CMakeTmp

Run Build Command:"/usr/bin/make" "cmTC_ff94c/fast"
/usr/bin/make -f CMakeFiles/cmTC_ff94c.dir/build.make CMakeFiles/cmTC_ff94c.dir/build
make[1]: 디렉터리 '/home/yuseung/sve_design_project/build/libmavconn/CMakeFiles/CMakeTmp' 들어감
Building C object CMakeFiles/cmTC_ff94c.dir/CheckSymbolExists.c.o
/usr/bin/cc    -o CMakeFiles/cmTC_ff94c.dir/CheckSymbolExists.c.o   -c /home/yuseung/sve_design_project/build/libmavconn/CMakeFiles/CMakeTmp/CheckSymbolExists.c
Linking C executable cmTC_ff94c
/usr/bin/cmake -E cmake_link_script CMakeFiles/cmTC_ff94c.dir/link.txt --verbose=1
/usr/bin/cc      -rdynamic CMakeFiles/cmTC_ff94c.dir/CheckSymbolExists.c.o  -o cmTC_ff94c 
CMakeFiles/cmTC_ff94c.dir/CheckSymbolExists.c.o: In function `main':
CheckSymbolExists.c:(.text+0x1b): undefined reference to `pthread_create'
collect2: error: ld returned 1 exit status
CMakeFiles/cmTC_ff94c.dir/build.make:97: recipe for target 'cmTC_ff94c' failed
make[1]: *** [cmTC_ff94c] Error 1
make[1]: 디렉터리 '/home/yuseung/sve_design_project/build/libmavconn/CMakeFiles/CMakeTmp' 나감
Makefile:126: recipe for target 'cmTC_ff94c/fast' failed
make: *** [cmTC_ff94c/fast] Error 2

File /home/yuseung/sve_design_project/build/libmavconn/CMakeFiles/CMakeTmp/CheckSymbolExists.c:
/* */
#include <pthread.h>

int main(int argc, char** argv)
{
  (void)argv;
#ifndef pthread_create
  return ((int*)(&pthread_create))[argc];
#else
  (void)argc;
  return 0;
#endif
}

Determining if the function pthread_create exists in the pthreads failed with the following output:
Change Dir: /home/yuseung/sve_design_project/build/libmavconn/CMakeFiles/CMakeTmp

Run Build Command:"/usr/bin/make" "cmTC_ca127/fast"
/usr/bin/make -f CMakeFiles/cmTC_ca127.dir/build.make CMakeFiles/cmTC_ca127.dir/build
make[1]: 디렉터리 '/home/yuseung/sve_design_project/build/libmavconn/CMakeFiles/CMakeTmp' 들어감
Building C object CMakeFiles/cmTC_ca127.dir/CheckFunctionExists.c.o
/usr/bin/cc   -DCHECK_FUNCTION_EXISTS=pthread_create   -o CMakeFiles/cmTC_ca127.dir/CheckFunctionExists.c.o   -c /usr/share/cmake-3.10/Modules/CheckFunctionExists.c
Linking C executable cmTC_ca127
/usr/bin/cmake -E cmake_link_script CMakeFiles/cmTC_ca127.dir/link.txt --verbose=1
/usr/bin/cc  -DCHECK_FUNCTION_EXISTS=pthread_create    -rdynamic CMakeFiles/cmTC_ca127.dir/CheckFunctionExists.c.o  -o cmTC_ca127 -lpthreads 
/usr/bin/ld: cannot find -lpthreads
collect2: error: ld returned 1 exit status
CMakeFiles/cmTC_ca127.dir/build.make:97: recipe for target 'cmTC_ca127' failed
make[1]: *** [cmTC_ca127] Error 1
make[1]: 디렉터리 '/home/yuseung/sve_design_project/build/libmavconn/CMakeFiles/CMakeTmp' 나감
Makefile:126: recipe for target 'cmTC_ca127/fast' failed
make: *** [cmTC_ca127/fast] Error 2


