[  0%] Built target _kusv_msgs_generate_messages_check_deps_PlanningVision
[  0%] Built target _kusv_msgs_generate_messages_check_deps_VisionMark
[  0%] Built target _kusv_msgs_generate_messages_check_deps_PolyfitLaneData
[  0%] Built target _kusv_msgs_generate_messages_check_deps_PolyfitLaneDataArray
[  0%] Built target _kusv_msgs_generate_messages_check_deps_LanePointData
[  0%] Built target _kusv_msgs_generate_messages_check_deps_LanePointDataArray
[  0%] Built target _kusv_msgs_generate_messages_check_deps_kusv_GlobalPose
[  0%] Built target _kusv_msgs_generate_messages_check_deps_PlanningLocalization
[  0%] Built target _kusv_msgs_generate_messages_check_deps_PlanningControl
[  0%] Built target _kusv_msgs_generate_messages_check_deps_OptimalBehavior
[  0%] Built target sensor_msgs_generate_messages_eus
[  0%] Built target _kusv_msgs_generate_messages_check_deps_DR_data
[  0%] Built target std_msgs_generate_messages_eus
[  0%] Built target geometry_msgs_generate_messages_eus
[  0%] Built target _kusv_msgs_generate_messages_check_deps_kusv_CanInfo
[  0%] Built target _kusv_msgs_generate_messages_check_deps_PlanningLiDAR
[  0%] Built target std_msgs_generate_messages_cpp
[  0%] Built target geometry_msgs_generate_messages_cpp
[  0%] Built target sensor_msgs_generate_messages_cpp
[  0%] Built target std_msgs_generate_messages_py
[  0%] Built target geometry_msgs_generate_messages_py
[  0%] Built target sensor_msgs_generate_messages_py
[  0%] Built target std_msgs_generate_messages_nodejs
[  0%] Built target geometry_msgs_generate_messages_nodejs
[  0%] Built target sensor_msgs_generate_messages_nodejs
[  0%] Built target std_msgs_generate_messages_lisp
[  0%] Built target geometry_msgs_generate_messages_lisp
[  0%] Built target sensor_msgs_generate_messages_lisp
[ 20%] Built target kusv_msgs_generate_messages_eus
[ 40%] Built target kusv_msgs_generate_messages_cpp
[ 61%] Built target kusv_msgs_generate_messages_py
[ 80%] Built target kusv_msgs_generate_messages_nodejs
[100%] Built target kusv_msgs_generate_messages_lisp
[100%] Built target kusv_msgs_generate_messages
