[35m[1mScanning dependencies of target _kusv_msgs_generate_messages_check_deps_PlanningVision[0m
[  0%] Built target _kusv_msgs_generate_messages_check_deps_PlanningVision
[35m[1mScanning dependencies of target _kusv_msgs_generate_messages_check_deps_OptimalBehavior[0m
[  0%] Built target _kusv_msgs_generate_messages_check_deps_OptimalBehavior
[35m[1mScanning dependencies of target _kusv_msgs_generate_messages_check_deps_DR_data[0m
[35m[1mScanning dependencies of target std_msgs_generate_messages_cpp[0m
[  0%] Built target std_msgs_generate_messages_cpp
[35m[1mScanning dependencies of target _kusv_msgs_generate_messages_check_deps_kusv_CanInfo[0m
[  0%] Built target _kusv_msgs_generate_messages_check_deps_DR_data
[35m[1mScanning dependencies of target geometry_msgs_generate_messages_cpp[0m
[35m[1mScanning dependencies of target _kusv_msgs_generate_messages_check_deps_PlanningLiDAR[0m
[  0%] Built target geometry_msgs_generate_messages_cpp
[  0%] Built target _kusv_msgs_generate_messages_check_deps_kusv_CanInfo
[35m[1mScanning dependencies of target sensor_msgs_generate_messages_cpp[0m
[  0%] Built target _kusv_msgs_generate_messages_check_deps_PlanningLiDAR
[  0%] Built target sensor_msgs_generate_messages_cpp
[35m[1mScanning dependencies of target _kusv_msgs_generate_messages_check_deps_kusv_GlobalPose[0m
[  0%] Built target _kusv_msgs_generate_messages_check_deps_kusv_GlobalPose
[35m[1mScanning dependencies of target _kusv_msgs_generate_messages_check_deps_PolyfitLaneData[0m
[  0%] Built target _kusv_msgs_generate_messages_check_deps_PolyfitLaneData
[35m[1mScanning dependencies of target _kusv_msgs_generate_messages_check_deps_PolyfitLaneDataArray[0m
[35m[1mScanning dependencies of target _kusv_msgs_generate_messages_check_deps_PlanningControl[0m
[  0%] Built target _kusv_msgs_generate_messages_check_deps_PolyfitLaneDataArray
[  0%] Built target _kusv_msgs_generate_messages_check_deps_PlanningControl
[35m[1mScanning dependencies of target _kusv_msgs_generate_messages_check_deps_VisionMark[0m
[35m[1mScanning dependencies of target _kusv_msgs_generate_messages_check_deps_LanePointDataArray[0m
[  0%] Built target _kusv_msgs_generate_messages_check_deps_VisionMark
[  0%] Built target _kusv_msgs_generate_messages_check_deps_LanePointDataArray
[35m[1mScanning dependencies of target _kusv_msgs_generate_messages_check_deps_LanePointData[0m
[  0%] Built target _kusv_msgs_generate_messages_check_deps_LanePointData
[35m[1mScanning dependencies of target _kusv_msgs_generate_messages_check_deps_PlanningLocalization[0m
[  0%] Built target _kusv_msgs_generate_messages_check_deps_PlanningLocalization
[35m[1mScanning dependencies of target std_msgs_generate_messages_py[0m
[  0%] Built target std_msgs_generate_messages_py
[35m[1mScanning dependencies of target geometry_msgs_generate_messages_py[0m
[  0%] Built target geometry_msgs_generate_messages_py
[35m[1mScanning dependencies of target sensor_msgs_generate_messages_py[0m
[  0%] Built target sensor_msgs_generate_messages_py
[35m[1mScanning dependencies of target std_msgs_generate_messages_nodejs[0m
[  0%] Built target std_msgs_generate_messages_nodejs
[35m[1mScanning dependencies of target geometry_msgs_generate_messages_nodejs[0m
[  0%] Built target geometry_msgs_generate_messages_nodejs
[35m[1mScanning dependencies of target sensor_msgs_generate_messages_nodejs[0m
[35m[1mScanning dependencies of target std_msgs_generate_messages_lisp[0m
[  0%] Built target sensor_msgs_generate_messages_nodejs
[  0%] Built target std_msgs_generate_messages_lisp
[35m[1mScanning dependencies of target geometry_msgs_generate_messages_lisp[0m
[35m[1mScanning dependencies of target sensor_msgs_generate_messages_lisp[0m
[35m[1mScanning dependencies of target sensor_msgs_generate_messages_eus[0m
[  0%] Built target geometry_msgs_generate_messages_lisp
[  0%] Built target sensor_msgs_generate_messages_lisp
[  0%] Built target sensor_msgs_generate_messages_eus
[35m[1mScanning dependencies of target std_msgs_generate_messages_eus[0m
[35m[1mScanning dependencies of target geometry_msgs_generate_messages_eus[0m
[35m[1mScanning dependencies of target kusv_msgs_generate_messages_cpp[0m
[35m[1mScanning dependencies of target kusv_msgs_generate_messages_py[0m
[  0%] Built target std_msgs_generate_messages_eus
[  0%] Built target geometry_msgs_generate_messages_eus
[  2%] [34m[1mGenerating C++ code from kusv_msgs/OptimalBehavior.msg[0m
[  2%] [34m[1mGenerating Python from MSG kusv_msgs/OptimalBehavior[0m
[  4%] [34m[1mGenerating C++ code from kusv_msgs/kusv_GlobalPose.msg[0m
[  5%] [34m[1mGenerating Python from MSG kusv_msgs/kusv_GlobalPose[0m
[  7%] [34m[1mGenerating C++ code from kusv_msgs/kusv_CanInfo.msg[0m
[  8%] [34m[1mGenerating Python from MSG kusv_msgs/kusv_CanInfo[0m
[ 10%] [34m[1mGenerating C++ code from kusv_msgs/PolyfitLaneData.msg[0m
[ 11%] [34m[1mGenerating C++ code from kusv_msgs/LanePointDataArray.msg[0m
[35m[1mScanning dependencies of target kusv_msgs_generate_messages_nodejs[0m
[ 13%] [34m[1mGenerating Javascript code from kusv_msgs/OptimalBehavior.msg[0m
[ 14%] [34m[1mGenerating Python from MSG kusv_msgs/PolyfitLaneData[0m
[ 16%] [34m[1mGenerating Javascript code from kusv_msgs/kusv_GlobalPose.msg[0m
[ 17%] [34m[1mGenerating Javascript code from kusv_msgs/kusv_CanInfo.msg[0m
[ 19%] [34m[1mGenerating C++ code from kusv_msgs/PlanningControl.msg[0m
[ 20%] [34m[1mGenerating Javascript code from kusv_msgs/PolyfitLaneData.msg[0m
[ 22%] [34m[1mGenerating Python from MSG kusv_msgs/LanePointDataArray[0m
[ 23%] [34m[1mGenerating C++ code from kusv_msgs/DR_data.msg[0m
[35m[1mScanning dependencies of target kusv_msgs_generate_messages_lisp[0m
[ 25%] [34m[1mGenerating Javascript code from kusv_msgs/LanePointDataArray.msg[0m
[ 26%] [34m[1mGenerating Lisp code from kusv_msgs/OptimalBehavior.msg[0m
[ 28%] [34m[1mGenerating Lisp code from kusv_msgs/kusv_GlobalPose.msg[0m
[ 29%] [34m[1mGenerating Javascript code from kusv_msgs/PlanningControl.msg[0m
[ 31%] [34m[1mGenerating Lisp code from kusv_msgs/kusv_CanInfo.msg[0m
[ 32%] [34m[1mGenerating Python from MSG kusv_msgs/PlanningControl[0m
[ 34%] [34m[1mGenerating Python from MSG kusv_msgs/DR_data[0m
[ 35%] [34m[1mGenerating Javascript code from kusv_msgs/DR_data.msg[0m
[ 37%] [34m[1mGenerating Javascript code from kusv_msgs/VisionMark.msg[0m
[ 38%] [34m[1mGenerating Lisp code from kusv_msgs/PolyfitLaneData.msg[0m
[ 40%] [34m[1mGenerating Javascript code from kusv_msgs/PlanningLiDAR.msg[0m
[ 41%] [34m[1mGenerating Javascript code from kusv_msgs/LanePointData.msg[0m
[ 43%] [34m[1mGenerating C++ code from kusv_msgs/VisionMark.msg[0m
[ 44%] [34m[1mGenerating Lisp code from kusv_msgs/LanePointDataArray.msg[0m
[ 46%] [34m[1mGenerating C++ code from kusv_msgs/PlanningLiDAR.msg[0m
[ 47%] [34m[1mGenerating C++ code from kusv_msgs/LanePointData.msg[0m
[ 49%] [34m[1mGenerating Javascript code from kusv_msgs/PlanningLocalization.msg[0m
[ 50%] [34m[1mGenerating Python from MSG kusv_msgs/VisionMark[0m
[ 52%] [34m[1mGenerating Javascript code from kusv_msgs/PlanningVision.msg[0m
[ 53%] [34m[1mGenerating Python from MSG kusv_msgs/PlanningLiDAR[0m
[ 55%] [34m[1mGenerating Lisp code from kusv_msgs/PlanningControl.msg[0m
[ 56%] [34m[1mGenerating Javascript code from kusv_msgs/PolyfitLaneDataArray.msg[0m
[ 58%] [34m[1mGenerating Lisp code from kusv_msgs/DR_data.msg[0m
[ 59%] [34m[1mGenerating Lisp code from kusv_msgs/VisionMark.msg[0m
[ 59%] Built target kusv_msgs_generate_messages_nodejs
[35m[1mScanning dependencies of target kusv_msgs_generate_messages_eus[0m
[ 61%] [34m[1mGenerating Lisp code from kusv_msgs/PlanningLiDAR.msg[0m
[ 62%] [34m[1mGenerating EusLisp code from kusv_msgs/OptimalBehavior.msg[0m
[ 64%] [34m[1mGenerating Python from MSG kusv_msgs/LanePointData[0m
[ 65%] [34m[1mGenerating Python from MSG kusv_msgs/PlanningLocalization[0m
[ 67%] [34m[1mGenerating Lisp code from kusv_msgs/LanePointData.msg[0m
[ 68%] [34m[1mGenerating C++ code from kusv_msgs/PlanningLocalization.msg[0m
[ 70%] [34m[1mGenerating Lisp code from kusv_msgs/PlanningLocalization.msg[0m
[ 71%] [34m[1mGenerating C++ code from kusv_msgs/PolyfitLaneDataArray.msg[0m
[ 73%] [34m[1mGenerating C++ code from kusv_msgs/PlanningVision.msg[0m
[ 74%] [34m[1mGenerating Lisp code from kusv_msgs/PlanningVision.msg[0m
[ 76%] [34m[1mGenerating EusLisp code from kusv_msgs/kusv_GlobalPose.msg[0m
[ 77%] [34m[1mGenerating Lisp code from kusv_msgs/PolyfitLaneDataArray.msg[0m
[ 79%] [34m[1mGenerating Python from MSG kusv_msgs/PlanningVision[0m
[ 80%] [34m[1mGenerating Python from MSG kusv_msgs/PolyfitLaneDataArray[0m
[ 82%] [34m[1mGenerating EusLisp code from kusv_msgs/kusv_CanInfo.msg[0m
[ 82%] Built target kusv_msgs_generate_messages_lisp
[ 83%] [34m[1mGenerating EusLisp code from kusv_msgs/PolyfitLaneData.msg[0m
[ 85%] [34m[1mGenerating EusLisp code from kusv_msgs/LanePointDataArray.msg[0m
[ 86%] [34m[1mGenerating EusLisp code from kusv_msgs/PlanningControl.msg[0m
[ 88%] [34m[1mGenerating EusLisp code from kusv_msgs/DR_data.msg[0m
[ 89%] [34m[1mGenerating EusLisp code from kusv_msgs/VisionMark.msg[0m
[ 91%] [34m[1mGenerating EusLisp code from kusv_msgs/PlanningLiDAR.msg[0m
[ 92%] [34m[1mGenerating EusLisp code from kusv_msgs/LanePointData.msg[0m
[ 92%] Built target kusv_msgs_generate_messages_cpp
[ 94%] [34m[1mGenerating EusLisp code from kusv_msgs/PlanningLocalization.msg[0m
[ 95%] [34m[1mGenerating Python msg __init__.py for kusv_msgs[0m
[ 97%] [34m[1mGenerating EusLisp code from kusv_msgs/PlanningVision.msg[0m
[ 98%] [34m[1mGenerating EusLisp code from kusv_msgs/PolyfitLaneDataArray.msg[0m
[100%] [34m[1mGenerating EusLisp manifest code for kusv_msgs[0m
[100%] Built target kusv_msgs_generate_messages_py
[100%] Built target kusv_msgs_generate_messages_eus
[35m[1mScanning dependencies of target kusv_msgs_generate_messages[0m
[100%] Built target kusv_msgs_generate_messages
