Determining if the pthread_create exist failed with the following output:
Change Dir: /home/yuseung/sve_design_project/build/rosserial_python/CMakeFiles/CMakeTmp

Run Build Command:"/usr/bin/make" "cmTC_11770/fast"
/usr/bin/make -f CMakeFiles/cmTC_11770.dir/build.make CMakeFiles/cmTC_11770.dir/build
make[1]: 디렉터리 '/home/yuseung/sve_design_project/build/rosserial_python/CMakeFiles/CMakeTmp' 들어감
Building C object CMakeFiles/cmTC_11770.dir/CheckSymbolExists.c.o
/usr/bin/cc    -o CMakeFiles/cmTC_11770.dir/CheckSymbolExists.c.o   -c /home/yuseung/sve_design_project/build/rosserial_python/CMakeFiles/CMakeTmp/CheckSymbolExists.c
Linking C executable cmTC_11770
/usr/bin/cmake -E cmake_link_script CMakeFiles/cmTC_11770.dir/link.txt --verbose=1
/usr/bin/cc      -rdynamic CMakeFiles/cmTC_11770.dir/CheckSymbolExists.c.o  -o cmTC_11770 
CMakeFiles/cmTC_11770.dir/CheckSymbolExists.c.o: In function `main':
CheckSymbolExists.c:(.text+0x1b): undefined reference to `pthread_create'
collect2: error: ld returned 1 exit status
CMakeFiles/cmTC_11770.dir/build.make:97: recipe for target 'cmTC_11770' failed
make[1]: *** [cmTC_11770] Error 1
make[1]: 디렉터리 '/home/yuseung/sve_design_project/build/rosserial_python/CMakeFiles/CMakeTmp' 나감
Makefile:126: recipe for target 'cmTC_11770/fast' failed
make: *** [cmTC_11770/fast] Error 2

File /home/yuseung/sve_design_project/build/rosserial_python/CMakeFiles/CMakeTmp/CheckSymbolExists.c:
/* */
#include <pthread.h>

int main(int argc, char** argv)
{
  (void)argv;
#ifndef pthread_create
  return ((int*)(&pthread_create))[argc];
#else
  (void)argc;
  return 0;
#endif
}

Determining if the function pthread_create exists in the pthreads failed with the following output:
Change Dir: /home/yuseung/sve_design_project/build/rosserial_python/CMakeFiles/CMakeTmp

Run Build Command:"/usr/bin/make" "cmTC_4bbb3/fast"
/usr/bin/make -f CMakeFiles/cmTC_4bbb3.dir/build.make CMakeFiles/cmTC_4bbb3.dir/build
make[1]: 디렉터리 '/home/yuseung/sve_design_project/build/rosserial_python/CMakeFiles/CMakeTmp' 들어감
Building C object CMakeFiles/cmTC_4bbb3.dir/CheckFunctionExists.c.o
/usr/bin/cc   -DCHECK_FUNCTION_EXISTS=pthread_create   -o CMakeFiles/cmTC_4bbb3.dir/CheckFunctionExists.c.o   -c /usr/share/cmake-3.10/Modules/CheckFunctionExists.c
Linking C executable cmTC_4bbb3
/usr/bin/cmake -E cmake_link_script CMakeFiles/cmTC_4bbb3.dir/link.txt --verbose=1
/usr/bin/cc  -DCHECK_FUNCTION_EXISTS=pthread_create    -rdynamic CMakeFiles/cmTC_4bbb3.dir/CheckFunctionExists.c.o  -o cmTC_4bbb3 -lpthreads 
/usr/bin/ld: cannot find -lpthreads
collect2: error: ld returned 1 exit status
CMakeFiles/cmTC_4bbb3.dir/build.make:97: recipe for target 'cmTC_4bbb3' failed
make[1]: *** [cmTC_4bbb3] Error 1
make[1]: 디렉터리 '/home/yuseung/sve_design_project/build/rosserial_python/CMakeFiles/CMakeTmp' 나감
Makefile:126: recipe for target 'cmTC_4bbb3/fast' failed
make: *** [cmTC_4bbb3/fast] Error 2


