Not searching for unused variables given on the command line.
[36m--[0m Using CATKIN_DEVEL_PREFIX: /home/soo/sve_design_project/devel/.private/mavros
[36m--[0m Using CMAKE_PREFIX_PATH: /home/soo/sve_design_project/devel;/home/soo/catkin_ws/devel;/home/soo/FlyMeToTheHome/devel;/opt/ros/melodic
[36m--[0m This workspace overlays: /home/soo/sve_design_project/devel;/home/soo/catkin_ws/devel;/home/soo/FlyMeToTheHome/devel;/opt/ros/melodic
[36m--[0m Found PythonInterp: /usr/bin/python2 (found suitable version "2.7.17", minimum required is "2")
[36m--[0m Using PYTHON_EXECUTABLE: /usr/bin/python2
[36m--[0m Using Debian Python package layout
[36m--[0m Using empy: /usr/bin/empy
[36m--[0m Using CATKIN_ENABLE_TESTING: ON
[36m--[0m Call enable_testing()
[36m--[0m Using CATKIN_TEST_RESULTS_DIR: /home/soo/sve_design_project/build/mavros/test_results
[36m--[0m Found gtest sources under '/usr/src/googletest': gtests will be built
[36m--[0m Found gmock sources under '/usr/src/googletest': gmock will be built
[36m--[0m Found PythonInterp: /usr/bin/python2 (found version "2.7.17")
[36m--[0m Using Python nosetests: /usr/bin/nosetests-2.7
[36m--[0m catkin 0.7.26
[36m--[0m BUILD_SHARED_LIBS is on
[36m--[0m Using these message generators: gencpp;geneus;genlisp;gennodejs;genpy
[36m--[0m Boost version: 1.65.1
[36m--[0m Found the following Boost libraries:
[36m--[0m   system
[36m--[0m Found GeographicLib: /usr/lib/x86_64-linux-gnu/libGeographic.so
[36m--[0m Geoid model datasets found in: /usr/share/GeographicLib/geoid
[36m--[0m No gravity field model datasets found. Please execute the script install_geographiclib_dataset.sh in /mavros/scripts
[36m--[0m No magnetic field model datasets found. Please execute the script install_geographiclib_dataset.sh in /mavros/scripts
[36m--[0m Performing Test COMPILER_SUPPORTS_STD_CXX14
[36m--[0m Performing Test COMPILER_SUPPORTS_STD_CXX14 - Success
[36m--[0m Configuring done
[36m--[0m Generating done
[36m--[0m Build files have been written to: /home/soo/sve_design_project/build/mavros
