Determining if the pthread_create exist failed with the following output:
Change Dir: /home/soyeong/sve_design_project/build/mavros_msgs/CMakeFiles/CMakeTmp

Run Build Command:"/usr/bin/make" "cmTC_4ec63/fast"
/usr/bin/make -f CMakeFiles/cmTC_4ec63.dir/build.make CMakeFiles/cmTC_4ec63.dir/build
make[1]: Entering directory '/home/soyeong/sve_design_project/build/mavros_msgs/CMakeFiles/CMakeTmp'
Building C object CMakeFiles/cmTC_4ec63.dir/CheckSymbolExists.c.o
/usr/bin/cc    -o CMakeFiles/cmTC_4ec63.dir/CheckSymbolExists.c.o   -c /home/soyeong/sve_design_project/build/mavros_msgs/CMakeFiles/CMakeTmp/CheckSymbolExists.c
Linking C executable cmTC_4ec63
/usr/bin/cmake -E cmake_link_script CMakeFiles/cmTC_4ec63.dir/link.txt --verbose=1
/usr/bin/cc      -rdynamic CMakeFiles/cmTC_4ec63.dir/CheckSymbolExists.c.o  -o cmTC_4ec63 
CMakeFiles/cmTC_4ec63.dir/CheckSymbolExists.c.o: In function `main':
CheckSymbolExists.c:(.text+0x1b): undefined reference to `pthread_create'
collect2: error: ld returned 1 exit status
CMakeFiles/cmTC_4ec63.dir/build.make:97: recipe for target 'cmTC_4ec63' failed
make[1]: *** [cmTC_4ec63] Error 1
make[1]: Leaving directory '/home/soyeong/sve_design_project/build/mavros_msgs/CMakeFiles/CMakeTmp'
Makefile:126: recipe for target 'cmTC_4ec63/fast' failed
make: *** [cmTC_4ec63/fast] Error 2

File /home/soyeong/sve_design_project/build/mavros_msgs/CMakeFiles/CMakeTmp/CheckSymbolExists.c:
/* */
#include <pthread.h>

int main(int argc, char** argv)
{
  (void)argv;
#ifndef pthread_create
  return ((int*)(&pthread_create))[argc];
#else
  (void)argc;
  return 0;
#endif
}

Determining if the function pthread_create exists in the pthreads failed with the following output:
Change Dir: /home/soyeong/sve_design_project/build/mavros_msgs/CMakeFiles/CMakeTmp

Run Build Command:"/usr/bin/make" "cmTC_54b5b/fast"
/usr/bin/make -f CMakeFiles/cmTC_54b5b.dir/build.make CMakeFiles/cmTC_54b5b.dir/build
make[1]: Entering directory '/home/soyeong/sve_design_project/build/mavros_msgs/CMakeFiles/CMakeTmp'
Building C object CMakeFiles/cmTC_54b5b.dir/CheckFunctionExists.c.o
/usr/bin/cc   -DCHECK_FUNCTION_EXISTS=pthread_create   -o CMakeFiles/cmTC_54b5b.dir/CheckFunctionExists.c.o   -c /usr/share/cmake-3.10/Modules/CheckFunctionExists.c
Linking C executable cmTC_54b5b
/usr/bin/cmake -E cmake_link_script CMakeFiles/cmTC_54b5b.dir/link.txt --verbose=1
/usr/bin/cc  -DCHECK_FUNCTION_EXISTS=pthread_create    -rdynamic CMakeFiles/cmTC_54b5b.dir/CheckFunctionExists.c.o  -o cmTC_54b5b -lpthreads 
/usr/bin/ld: cannot find -lpthreads
collect2: error: ld returned 1 exit status
CMakeFiles/cmTC_54b5b.dir/build.make:97: recipe for target 'cmTC_54b5b' failed
make[1]: *** [cmTC_54b5b] Error 1
make[1]: Leaving directory '/home/soyeong/sve_design_project/build/mavros_msgs/CMakeFiles/CMakeTmp'
Makefile:126: recipe for target 'cmTC_54b5b/fast' failed
make: *** [cmTC_54b5b/fast] Error 2


