Determining if the pthread_create exist failed with the following output:
Change Dir: /home/soo/sve_design_project/build/rosserial_server/CMakeFiles/CMakeTmp

Run Build Command:"/usr/bin/make" "cmTC_b54bf/fast"
/usr/bin/make -f CMakeFiles/cmTC_b54bf.dir/build.make CMakeFiles/cmTC_b54bf.dir/build
make[1]: 디렉터리 '/home/soo/sve_design_project/build/rosserial_server/CMakeFiles/CMakeTmp' 들어감
Building C object CMakeFiles/cmTC_b54bf.dir/CheckSymbolExists.c.o
/usr/bin/cc    -o CMakeFiles/cmTC_b54bf.dir/CheckSymbolExists.c.o   -c /home/soo/sve_design_project/build/rosserial_server/CMakeFiles/CMakeTmp/CheckSymbolExists.c
Linking C executable cmTC_b54bf
/usr/bin/cmake -E cmake_link_script CMakeFiles/cmTC_b54bf.dir/link.txt --verbose=1
/usr/bin/cc      -rdynamic CMakeFiles/cmTC_b54bf.dir/CheckSymbolExists.c.o  -o cmTC_b54bf 
CMakeFiles/cmTC_b54bf.dir/CheckSymbolExists.c.o: In function `main':
CheckSymbolExists.c:(.text+0x1b): undefined reference to `pthread_create'
collect2: error: ld returned 1 exit status
CMakeFiles/cmTC_b54bf.dir/build.make:97: recipe for target 'cmTC_b54bf' failed
make[1]: *** [cmTC_b54bf] Error 1
make[1]: 디렉터리 '/home/soo/sve_design_project/build/rosserial_server/CMakeFiles/CMakeTmp' 나감
Makefile:126: recipe for target 'cmTC_b54bf/fast' failed
make: *** [cmTC_b54bf/fast] Error 2

File /home/soo/sve_design_project/build/rosserial_server/CMakeFiles/CMakeTmp/CheckSymbolExists.c:
/* */
#include <pthread.h>

int main(int argc, char** argv)
{
  (void)argv;
#ifndef pthread_create
  return ((int*)(&pthread_create))[argc];
#else
  (void)argc;
  return 0;
#endif
}

Determining if the function pthread_create exists in the pthreads failed with the following output:
Change Dir: /home/soo/sve_design_project/build/rosserial_server/CMakeFiles/CMakeTmp

Run Build Command:"/usr/bin/make" "cmTC_61912/fast"
/usr/bin/make -f CMakeFiles/cmTC_61912.dir/build.make CMakeFiles/cmTC_61912.dir/build
make[1]: 디렉터리 '/home/soo/sve_design_project/build/rosserial_server/CMakeFiles/CMakeTmp' 들어감
Building C object CMakeFiles/cmTC_61912.dir/CheckFunctionExists.c.o
/usr/bin/cc   -DCHECK_FUNCTION_EXISTS=pthread_create   -o CMakeFiles/cmTC_61912.dir/CheckFunctionExists.c.o   -c /usr/share/cmake-3.10/Modules/CheckFunctionExists.c
Linking C executable cmTC_61912
/usr/bin/cmake -E cmake_link_script CMakeFiles/cmTC_61912.dir/link.txt --verbose=1
/usr/bin/cc  -DCHECK_FUNCTION_EXISTS=pthread_create    -rdynamic CMakeFiles/cmTC_61912.dir/CheckFunctionExists.c.o  -o cmTC_61912 -lpthreads 
/usr/bin/ld: cannot find -lpthreads
collect2: error: ld returned 1 exit status
CMakeFiles/cmTC_61912.dir/build.make:97: recipe for target 'cmTC_61912' failed
make[1]: *** [cmTC_61912] Error 1
make[1]: 디렉터리 '/home/soo/sve_design_project/build/rosserial_server/CMakeFiles/CMakeTmp' 나감
Makefile:126: recipe for target 'cmTC_61912/fast' failed
make: *** [cmTC_61912/fast] Error 2


