[35m[1mScanning dependencies of target sensor_msgs_generate_messages_lisp[0m
[  0%] Built target sensor_msgs_generate_messages_lisp
[35m[1mScanning dependencies of target std_msgs_generate_messages_nodejs[0m
[  0%] Built target std_msgs_generate_messages_nodejs
[35m[1mScanning dependencies of target _sve_design_control_generate_messages_check_deps_driving_control_msg[0m
[  0%] Built target _sve_design_control_generate_messages_check_deps_driving_control_msg
[35m[1mScanning dependencies of target std_msgs_generate_messages_eus[0m
[  0%] Built target std_msgs_generate_messages_eus
[35m[1mScanning dependencies of target std_msgs_generate_messages_cpp[0m
[  0%] Built target std_msgs_generate_messages_cpp
[35m[1mScanning dependencies of target rosgraph_msgs_generate_messages_nodejs[0m
[  0%] Built target rosgraph_msgs_generate_messages_nodejs
[35m[1mScanning dependencies of target rosgraph_msgs_generate_messages_py[0m
[  0%] Built target rosgraph_msgs_generate_messages_py
[35m[1mScanning dependencies of target std_msgs_generate_messages_lisp[0m
[  0%] Built target std_msgs_generate_messages_lisp
[35m[1mScanning dependencies of target kusv_msgs_generate_messages_lisp[0m
[  0%] Built target kusv_msgs_generate_messages_lisp
[35m[1mScanning dependencies of target rosgraph_msgs_generate_messages_lisp[0m
[  0%] Built target rosgraph_msgs_generate_messages_lisp
[35m[1mScanning dependencies of target std_msgs_generate_messages_py[0m
[  0%] Built target std_msgs_generate_messages_py
[35m[1mScanning dependencies of target rosgraph_msgs_generate_messages_eus[0m
[  0%] Built target rosgraph_msgs_generate_messages_eus
[35m[1mScanning dependencies of target rosgraph_msgs_generate_messages_cpp[0m
[  0%] Built target rosgraph_msgs_generate_messages_cpp
[35m[1mScanning dependencies of target roscpp_generate_messages_py[0m
[  0%] Built target roscpp_generate_messages_py
[35m[1mScanning dependencies of target geometry_msgs_generate_messages_eus[0m
[  0%] Built target geometry_msgs_generate_messages_eus
[35m[1mScanning dependencies of target roscpp_generate_messages_nodejs[0m
[  0%] Built target roscpp_generate_messages_nodejs
[35m[1mScanning dependencies of target roscpp_generate_messages_eus[0m
[  0%] Built target roscpp_generate_messages_eus
[35m[1mScanning dependencies of target roscpp_generate_messages_lisp[0m
[  0%] Built target roscpp_generate_messages_lisp
[35m[1mScanning dependencies of target geometry_msgs_generate_messages_nodejs[0m
[  0%] Built target geometry_msgs_generate_messages_nodejs
[35m[1mScanning dependencies of target sensor_msgs_generate_messages_py[0m
[  0%] Built target sensor_msgs_generate_messages_py
[35m[1mScanning dependencies of target sensor_msgs_generate_messages_cpp[0m
[  0%] Built target sensor_msgs_generate_messages_cpp
[35m[1mScanning dependencies of target _catkin_empty_exported_target[0m
[  0%] Built target _catkin_empty_exported_target
[35m[1mScanning dependencies of target sensor_msgs_generate_messages_eus[0m
[  0%] Built target sensor_msgs_generate_messages_eus
[35m[1mScanning dependencies of target kusv_msgs_generate_messages_cpp[0m
[  0%] Built target kusv_msgs_generate_messages_cpp
[35m[1mScanning dependencies of target kusv_msgs_generate_messages_eus[0m
[  0%] Built target kusv_msgs_generate_messages_eus
[35m[1mScanning dependencies of target kusv_msgs_generate_messages_nodejs[0m
[  0%] Built target kusv_msgs_generate_messages_nodejs
[35m[1mScanning dependencies of target kusv_msgs_generate_messages_py[0m
[  0%] Built target kusv_msgs_generate_messages_py
[35m[1mScanning dependencies of target roscpp_generate_messages_cpp[0m
[  0%] Built target roscpp_generate_messages_cpp
[35m[1mScanning dependencies of target sensor_msgs_generate_messages_nodejs[0m
[  0%] Built target sensor_msgs_generate_messages_nodejs
[35m[1mScanning dependencies of target geometry_msgs_generate_messages_cpp[0m
[  0%] Built target geometry_msgs_generate_messages_cpp
[35m[1mScanning dependencies of target geometry_msgs_generate_messages_lisp[0m
[  0%] Built target geometry_msgs_generate_messages_lisp
[35m[1mScanning dependencies of target geometry_msgs_generate_messages_py[0m
[  0%] Built target geometry_msgs_generate_messages_py
[35m[1mScanning dependencies of target sve_design_control_generate_messages_nodejs[0m
[  7%] [34m[1mGenerating Javascript code from sve_design_control/driving_control_msg.msg[0m
[  7%] Built target sve_design_control_generate_messages_nodejs
[35m[1mScanning dependencies of target sve_design_control_generate_messages_eus[0m
[ 15%] [34m[1mGenerating EusLisp code from sve_design_control/driving_control_msg.msg[0m
[ 23%] [34m[1mGenerating EusLisp manifest code for sve_design_control[0m
[ 23%] Built target sve_design_control_generate_messages_eus
[35m[1mScanning dependencies of target sve_design_control_generate_messages_cpp[0m
[ 30%] [34m[1mGenerating C++ code from sve_design_control/driving_control_msg.msg[0m
[ 30%] Built target sve_design_control_generate_messages_cpp
[35m[1mScanning dependencies of target sve_design_control_generate_messages_lisp[0m
[ 38%] [34m[1mGenerating Lisp code from sve_design_control/driving_control_msg.msg[0m
[ 38%] Built target sve_design_control_generate_messages_lisp
[35m[1mScanning dependencies of target sve_design_control_generate_messages_py[0m
[ 46%] [34m[1mGenerating Python from MSG sve_design_control/driving_control_msg[0m
[ 53%] [34m[1mGenerating Python msg __init__.py for sve_design_control[0m
[ 53%] Built target sve_design_control_generate_messages_py
[35m[1mScanning dependencies of target control_node[0m
[ 61%] [32mBuilding CXX object CMakeFiles/control_node.dir/src/control_node.cpp.o[0m
[ 69%] [32m[1mLinking CXX executable /home/soo/sve_design_project/devel/lib/sve_design_control/control_node[0m
[ 69%] Built target control_node
[35m[1mScanning dependencies of target keyboard_interface[0m
[ 76%] [32mBuilding CXX object CMakeFiles/keyboard_interface.dir/src/keyboard_interface.cpp.o[0m
[01m[K/home/soo/sve_design_project/src/control/sve_design_control/src/keyboard_interface.cpp:[m[K In function ‘[01m[Kint main(int, char**)[m[K’:
[01m[K/home/soo/sve_design_project/src/control/sve_design_control/src/keyboard_interface.cpp:65:21:[m[K [01;35m[Kwarning: [m[KNULL used in arithmetic [[01;35m[K-Wpointer-arith[m[K]
             if(c != [01;35m[KNULL[m[K){
                     [01;35m[K^~~~[m[K
[ 84%] [32m[1mLinking CXX executable /home/soo/sve_design_project/devel/lib/sve_design_control/keyboard_interface[0m
[ 84%] Built target keyboard_interface
[35m[1mScanning dependencies of target local_waypoint_follower[0m
[ 92%] [32mBuilding CXX object CMakeFiles/local_waypoint_follower.dir/src/local_waypoint_follower.cpp.o[0m
[35m[1mScanning dependencies of target sve_design_control_generate_messages[0m
[ 92%] Built target sve_design_control_generate_messages
[100%] [32m[1mLinking CXX executable /home/soo/sve_design_project/devel/lib/sve_design_control/local_waypoint_follower[0m
[100%] Built target local_waypoint_follower
