Determining if the pthread_create exist failed with the following output:
Change Dir: /home/yuseung/sve_design_project/build/ublox_gps/CMakeFiles/CMakeTmp

Run Build Command:"/usr/bin/make" "cmTC_c25dc/fast"
/usr/bin/make -f CMakeFiles/cmTC_c25dc.dir/build.make CMakeFiles/cmTC_c25dc.dir/build
make[1]: 디렉터리 '/home/yuseung/sve_design_project/build/ublox_gps/CMakeFiles/CMakeTmp' 들어감
Building C object CMakeFiles/cmTC_c25dc.dir/CheckSymbolExists.c.o
/usr/bin/cc    -o CMakeFiles/cmTC_c25dc.dir/CheckSymbolExists.c.o   -c /home/yuseung/sve_design_project/build/ublox_gps/CMakeFiles/CMakeTmp/CheckSymbolExists.c
Linking C executable cmTC_c25dc
/usr/bin/cmake -E cmake_link_script CMakeFiles/cmTC_c25dc.dir/link.txt --verbose=1
/usr/bin/cc      -rdynamic CMakeFiles/cmTC_c25dc.dir/CheckSymbolExists.c.o  -o cmTC_c25dc 
CMakeFiles/cmTC_c25dc.dir/CheckSymbolExists.c.o: In function `main':
CheckSymbolExists.c:(.text+0x1b): undefined reference to `pthread_create'
collect2: error: ld returned 1 exit status
CMakeFiles/cmTC_c25dc.dir/build.make:97: recipe for target 'cmTC_c25dc' failed
make[1]: *** [cmTC_c25dc] Error 1
make[1]: 디렉터리 '/home/yuseung/sve_design_project/build/ublox_gps/CMakeFiles/CMakeTmp' 나감
Makefile:126: recipe for target 'cmTC_c25dc/fast' failed
make: *** [cmTC_c25dc/fast] Error 2

File /home/yuseung/sve_design_project/build/ublox_gps/CMakeFiles/CMakeTmp/CheckSymbolExists.c:
/* */
#include <pthread.h>

int main(int argc, char** argv)
{
  (void)argv;
#ifndef pthread_create
  return ((int*)(&pthread_create))[argc];
#else
  (void)argc;
  return 0;
#endif
}

Determining if the function pthread_create exists in the pthreads failed with the following output:
Change Dir: /home/yuseung/sve_design_project/build/ublox_gps/CMakeFiles/CMakeTmp

Run Build Command:"/usr/bin/make" "cmTC_3d801/fast"
/usr/bin/make -f CMakeFiles/cmTC_3d801.dir/build.make CMakeFiles/cmTC_3d801.dir/build
make[1]: 디렉터리 '/home/yuseung/sve_design_project/build/ublox_gps/CMakeFiles/CMakeTmp' 들어감
Building C object CMakeFiles/cmTC_3d801.dir/CheckFunctionExists.c.o
/usr/bin/cc   -DCHECK_FUNCTION_EXISTS=pthread_create   -o CMakeFiles/cmTC_3d801.dir/CheckFunctionExists.c.o   -c /usr/share/cmake-3.10/Modules/CheckFunctionExists.c
Linking C executable cmTC_3d801
/usr/bin/cmake -E cmake_link_script CMakeFiles/cmTC_3d801.dir/link.txt --verbose=1
/usr/bin/cc  -DCHECK_FUNCTION_EXISTS=pthread_create    -rdynamic CMakeFiles/cmTC_3d801.dir/CheckFunctionExists.c.o  -o cmTC_3d801 -lpthreads 
/usr/bin/ld: cannot find -lpthreads
collect2: error: ld returned 1 exit status
CMakeFiles/cmTC_3d801.dir/build.make:97: recipe for target 'cmTC_3d801' failed
make[1]: *** [cmTC_3d801] Error 1
make[1]: 디렉터리 '/home/yuseung/sve_design_project/build/ublox_gps/CMakeFiles/CMakeTmp' 나감
Makefile:126: recipe for target 'cmTC_3d801/fast' failed
make: *** [cmTC_3d801/fast] Error 2


