Determining if the pthread_create exist failed with the following output:
Change Dir: /home/soyeong/sve_design_project/build/visualization/CMakeFiles/CMakeTmp

Run Build Command:"/usr/bin/make" "cmTC_c7d9c/fast"
/usr/bin/make -f CMakeFiles/cmTC_c7d9c.dir/build.make CMakeFiles/cmTC_c7d9c.dir/build
make[1]: Entering directory '/home/soyeong/sve_design_project/build/visualization/CMakeFiles/CMakeTmp'
Building C object CMakeFiles/cmTC_c7d9c.dir/CheckSymbolExists.c.o
/usr/bin/cc    -o CMakeFiles/cmTC_c7d9c.dir/CheckSymbolExists.c.o   -c /home/soyeong/sve_design_project/build/visualization/CMakeFiles/CMakeTmp/CheckSymbolExists.c
Linking C executable cmTC_c7d9c
/usr/bin/cmake -E cmake_link_script CMakeFiles/cmTC_c7d9c.dir/link.txt --verbose=1
/usr/bin/cc      -rdynamic CMakeFiles/cmTC_c7d9c.dir/CheckSymbolExists.c.o  -o cmTC_c7d9c 
CMakeFiles/cmTC_c7d9c.dir/CheckSymbolExists.c.o: In function `main':
CheckSymbolExists.c:(.text+0x1b): undefined reference to `pthread_create'
collect2: error: ld returned 1 exit status
CMakeFiles/cmTC_c7d9c.dir/build.make:97: recipe for target 'cmTC_c7d9c' failed
make[1]: *** [cmTC_c7d9c] Error 1
make[1]: Leaving directory '/home/soyeong/sve_design_project/build/visualization/CMakeFiles/CMakeTmp'
Makefile:126: recipe for target 'cmTC_c7d9c/fast' failed
make: *** [cmTC_c7d9c/fast] Error 2

File /home/soyeong/sve_design_project/build/visualization/CMakeFiles/CMakeTmp/CheckSymbolExists.c:
/* */
#include <pthread.h>

int main(int argc, char** argv)
{
  (void)argv;
#ifndef pthread_create
  return ((int*)(&pthread_create))[argc];
#else
  (void)argc;
  return 0;
#endif
}

Determining if the function pthread_create exists in the pthreads failed with the following output:
Change Dir: /home/soyeong/sve_design_project/build/visualization/CMakeFiles/CMakeTmp

Run Build Command:"/usr/bin/make" "cmTC_6de7a/fast"
/usr/bin/make -f CMakeFiles/cmTC_6de7a.dir/build.make CMakeFiles/cmTC_6de7a.dir/build
make[1]: Entering directory '/home/soyeong/sve_design_project/build/visualization/CMakeFiles/CMakeTmp'
Building C object CMakeFiles/cmTC_6de7a.dir/CheckFunctionExists.c.o
/usr/bin/cc   -DCHECK_FUNCTION_EXISTS=pthread_create   -o CMakeFiles/cmTC_6de7a.dir/CheckFunctionExists.c.o   -c /usr/share/cmake-3.10/Modules/CheckFunctionExists.c
Linking C executable cmTC_6de7a
/usr/bin/cmake -E cmake_link_script CMakeFiles/cmTC_6de7a.dir/link.txt --verbose=1
/usr/bin/cc  -DCHECK_FUNCTION_EXISTS=pthread_create    -rdynamic CMakeFiles/cmTC_6de7a.dir/CheckFunctionExists.c.o  -o cmTC_6de7a -lpthreads 
/usr/bin/ld: cannot find -lpthreads
collect2: error: ld returned 1 exit status
CMakeFiles/cmTC_6de7a.dir/build.make:97: recipe for target 'cmTC_6de7a' failed
make[1]: *** [cmTC_6de7a] Error 1
make[1]: Leaving directory '/home/soyeong/sve_design_project/build/visualization/CMakeFiles/CMakeTmp'
Makefile:126: recipe for target 'cmTC_6de7a/fast' failed
make: *** [cmTC_6de7a/fast] Error 2


