Determining if the pthread_create exist failed with the following output:
Change Dir: /home/yuseung/sve_design_project/build/pose_estimation/CMakeFiles/CMakeTmp

Run Build Command:"/usr/bin/make" "cmTC_f8a1b/fast"
/usr/bin/make -f CMakeFiles/cmTC_f8a1b.dir/build.make CMakeFiles/cmTC_f8a1b.dir/build
make[1]: 디렉터리 '/home/yuseung/sve_design_project/build/pose_estimation/CMakeFiles/CMakeTmp' 들어감
Building C object CMakeFiles/cmTC_f8a1b.dir/CheckSymbolExists.c.o
/usr/bin/cc    -o CMakeFiles/cmTC_f8a1b.dir/CheckSymbolExists.c.o   -c /home/yuseung/sve_design_project/build/pose_estimation/CMakeFiles/CMakeTmp/CheckSymbolExists.c
Linking C executable cmTC_f8a1b
/usr/bin/cmake -E cmake_link_script CMakeFiles/cmTC_f8a1b.dir/link.txt --verbose=1
/usr/bin/cc      -rdynamic CMakeFiles/cmTC_f8a1b.dir/CheckSymbolExists.c.o  -o cmTC_f8a1b 
CMakeFiles/cmTC_f8a1b.dir/CheckSymbolExists.c.o: In function `main':
CheckSymbolExists.c:(.text+0x1b): undefined reference to `pthread_create'
collect2: error: ld returned 1 exit status
CMakeFiles/cmTC_f8a1b.dir/build.make:97: recipe for target 'cmTC_f8a1b' failed
make[1]: *** [cmTC_f8a1b] Error 1
make[1]: 디렉터리 '/home/yuseung/sve_design_project/build/pose_estimation/CMakeFiles/CMakeTmp' 나감
Makefile:126: recipe for target 'cmTC_f8a1b/fast' failed
make: *** [cmTC_f8a1b/fast] Error 2

File /home/yuseung/sve_design_project/build/pose_estimation/CMakeFiles/CMakeTmp/CheckSymbolExists.c:
/* */
#include <pthread.h>

int main(int argc, char** argv)
{
  (void)argv;
#ifndef pthread_create
  return ((int*)(&pthread_create))[argc];
#else
  (void)argc;
  return 0;
#endif
}

Determining if the function pthread_create exists in the pthreads failed with the following output:
Change Dir: /home/yuseung/sve_design_project/build/pose_estimation/CMakeFiles/CMakeTmp

Run Build Command:"/usr/bin/make" "cmTC_a2de2/fast"
/usr/bin/make -f CMakeFiles/cmTC_a2de2.dir/build.make CMakeFiles/cmTC_a2de2.dir/build
make[1]: 디렉터리 '/home/yuseung/sve_design_project/build/pose_estimation/CMakeFiles/CMakeTmp' 들어감
Building C object CMakeFiles/cmTC_a2de2.dir/CheckFunctionExists.c.o
/usr/bin/cc   -DCHECK_FUNCTION_EXISTS=pthread_create   -o CMakeFiles/cmTC_a2de2.dir/CheckFunctionExists.c.o   -c /usr/share/cmake-3.10/Modules/CheckFunctionExists.c
Linking C executable cmTC_a2de2
/usr/bin/cmake -E cmake_link_script CMakeFiles/cmTC_a2de2.dir/link.txt --verbose=1
/usr/bin/cc  -DCHECK_FUNCTION_EXISTS=pthread_create    -rdynamic CMakeFiles/cmTC_a2de2.dir/CheckFunctionExists.c.o  -o cmTC_a2de2 -lpthreads 
/usr/bin/ld: cannot find -lpthreads
collect2: error: ld returned 1 exit status
CMakeFiles/cmTC_a2de2.dir/build.make:97: recipe for target 'cmTC_a2de2' failed
make[1]: *** [cmTC_a2de2] Error 1
make[1]: 디렉터리 '/home/yuseung/sve_design_project/build/pose_estimation/CMakeFiles/CMakeTmp' 나감
Makefile:126: recipe for target 'cmTC_a2de2/fast' failed
make: *** [cmTC_a2de2/fast] Error 2


