[  0%] Built target _ublox_msgs_generate_messages_check_deps_NavVELNED
[  0%] Built target _ublox_msgs_generate_messages_check_deps_RxmSVSI_SV
[  0%] Built target _ublox_msgs_generate_messages_check_deps_EsfSTATUS
[  0%] Built target _ublox_msgs_generate_messages_check_deps_NavCLOCK
[  0%] Built target _ublox_msgs_generate_messages_check_deps_CfgNMEA
[  0%] Built target _ublox_msgs_generate_messages_check_deps_CfgUSB
[  0%] Built target _ublox_msgs_generate_messages_check_deps_EsfINS
[  0%] Built target _ublox_msgs_generate_messages_check_deps_NavSOL
[  0%] Built target _ublox_msgs_generate_messages_check_deps_CfgGNSS_Block
[  0%] Built target _ublox_msgs_generate_messages_check_deps_NavTIMEGPS
[  0%] Built target _ublox_msgs_generate_messages_check_deps_TimTM2
[  0%] Built target _ublox_msgs_generate_messages_check_deps_EsfRAW
[  0%] Built target _ublox_msgs_generate_messages_check_deps_HnrPVT
[  0%] Built target _ublox_msgs_generate_messages_check_deps_CfgRATE
[  0%] Built target _ublox_msgs_generate_messages_check_deps_CfgMSG
[  0%] Built target _ublox_msgs_generate_messages_check_deps_RxmRAWX_Meas
[  0%] Built target _ublox_msgs_generate_messages_check_deps_RxmRAW_SV
[  0%] Built target _ublox_msgs_generate_messages_check_deps_NavSTATUS
[  0%] Built target _ublox_msgs_generate_messages_check_deps_CfgHNR
[  0%] Built target _ublox_msgs_generate_messages_check_deps_UpdSOS
[  0%] Built target _ublox_msgs_generate_messages_check_deps_CfgNMEA7
[  0%] Built target _ublox_msgs_generate_messages_check_deps_RxmEPH
[  0%] Built target _ublox_msgs_generate_messages_check_deps_NavDGPS
[  0%] Built target sensor_msgs_generate_messages_lisp
[  0%] Built target _ublox_msgs_generate_messages_check_deps_NavRELPOSNED
[  0%] Built target _ublox_msgs_generate_messages_check_deps_NavDOP
[  0%] Built target _ublox_msgs_generate_messages_check_deps_NavSBAS
[  0%] Built target _ublox_msgs_generate_messages_check_deps_NavPVT
[  0%] Built target _ublox_msgs_generate_messages_check_deps_CfgTMODE3
[  0%] Built target _ublox_msgs_generate_messages_check_deps_CfgINF
[  0%] Built target _ublox_msgs_generate_messages_check_deps_RxmALM
[  0%] Built target _ublox_msgs_generate_messages_check_deps_CfgNAV5
[  0%] Built target _ublox_msgs_generate_messages_check_deps_NavSVINFO
[  0%] Built target _ublox_msgs_generate_messages_check_deps_EsfRAW_Block
[  0%] Built target _ublox_msgs_generate_messages_check_deps_RxmRAWX
[  0%] Built target _ublox_msgs_generate_messages_check_deps_CfgCFG
[  0%] Built target _ublox_msgs_generate_messages_check_deps_Inf
[  0%] Built target _ublox_msgs_generate_messages_check_deps_MonVER
[  0%] Built target _ublox_msgs_generate_messages_check_deps_RxmRAW
[  0%] Built target _ublox_msgs_generate_messages_check_deps_EsfMEAS
[  0%] Built target std_msgs_generate_messages_lisp
[  0%] Built target _ublox_msgs_generate_messages_check_deps_MonGNSS
[  0%] Built target _ublox_msgs_generate_messages_check_deps_CfgANT
[  0%] Built target _ublox_msgs_generate_messages_check_deps_CfgRST
[  0%] Built target _ublox_msgs_generate_messages_check_deps_RxmRTCM
[  0%] Built target _ublox_msgs_generate_messages_check_deps_CfgSBAS
[  0%] Built target _ublox_msgs_generate_messages_check_deps_CfgNAVX5
[  0%] Built target _ublox_msgs_generate_messages_check_deps_RxmSFRBX
[  0%] Built target _ublox_msgs_generate_messages_check_deps_CfgINF_Block
[  0%] Built target _ublox_msgs_generate_messages_check_deps_MonVER_Extension
[  0%] Built target _ublox_msgs_generate_messages_check_deps_NavATT
[  0%] Built target _ublox_msgs_generate_messages_check_deps_Ack
[  0%] Built target _ublox_msgs_generate_messages_check_deps_CfgPRT
[  0%] Built target _ublox_msgs_generate_messages_check_deps_CfgDAT
[  0%] Built target _ublox_msgs_generate_messages_check_deps_NavPVT7
[  0%] Built target _ublox_msgs_generate_messages_check_deps_AidALM
[  0%] Built target _ublox_msgs_generate_messages_check_deps_NavSAT
[  0%] Built target _ublox_msgs_generate_messages_check_deps_CfgGNSS
[  0%] Built target _ublox_msgs_generate_messages_check_deps_NavDGPS_SV
[  0%] Built target _ublox_msgs_generate_messages_check_deps_CfgDGNSS
[  0%] Built target _ublox_msgs_generate_messages_check_deps_NavSBAS_SV
[  0%] Built target _ublox_msgs_generate_messages_check_deps_CfgNMEA6
[  0%] Built target _ublox_msgs_generate_messages_check_deps_AidHUI
[  0%] Built target _ublox_msgs_generate_messages_check_deps_NavPOSLLH
[  0%] Built target _ublox_msgs_generate_messages_check_deps_MonHW6
[  0%] Built target _ublox_msgs_generate_messages_check_deps_AidEPH
[  0%] Built target _ublox_msgs_generate_messages_check_deps_NavVELECEF
[  0%] Built target _ublox_msgs_generate_messages_check_deps_RxmSFRB
[  0%] Built target _ublox_msgs_generate_messages_check_deps_NavSVIN
[  0%] Built target _ublox_msgs_generate_messages_check_deps_NavPOSECEF
[  0%] Built target _ublox_msgs_generate_messages_check_deps_NavSAT_SV
[  0%] Built target _ublox_msgs_generate_messages_check_deps_NavTIMEUTC
[  0%] Built target _ublox_msgs_generate_messages_check_deps_UpdSOS_Ack
[  0%] Built target _ublox_msgs_generate_messages_check_deps_MgaGAL
[  0%] Built target _ublox_msgs_generate_messages_check_deps_NavSVINFO_SV
[  0%] Built target _ublox_msgs_generate_messages_check_deps_RxmSVSI
[  0%] Built target _ublox_msgs_generate_messages_check_deps_EsfSTATUS_Sens
[  0%] Built target _ublox_msgs_generate_messages_check_deps_MonHW
[  0%] Built target sensor_msgs_generate_messages_nodejs
[  0%] Built target std_msgs_generate_messages_nodejs
[  0%] Built target sensor_msgs_generate_messages_cpp
[  0%] Built target std_msgs_generate_messages_cpp
[  0%] Built target std_msgs_generate_messages_py
[  0%] Built target sensor_msgs_generate_messages_py
[  0%] Built target sensor_msgs_generate_messages_eus
[  0%] Built target std_msgs_generate_messages_eus
[  0%] Built target geometry_msgs_generate_messages_lisp
[  0%] Built target geometry_msgs_generate_messages_cpp
[  0%] Built target roscpp_generate_messages_cpp
[  0%] Built target _catkin_empty_exported_target
[  0%] Built target geometry_msgs_generate_messages_eus
[  0%] Built target roscpp_generate_messages_lisp
[  0%] Built target roscpp_generate_messages_nodejs
[  0%] Built target rosgraph_msgs_generate_messages_cpp
[  0%] Built target rosgraph_msgs_generate_messages_eus
[  0%] Built target rosgraph_msgs_generate_messages_lisp
[  0%] Built target geometry_msgs_generate_messages_nodejs
[  0%] Built target roscpp_generate_messages_eus
[  0%] Built target rosgraph_msgs_generate_messages_py
[  0%] Built target rosgraph_msgs_generate_messages_nodejs
[  0%] Built target geometry_msgs_generate_messages_py
[  0%] Built target roscpp_generate_messages_py
[ 19%] Built target ublox_msgs_generate_messages_lisp
[ 38%] Built target ublox_msgs_generate_messages_nodejs
[ 58%] Built target ublox_msgs_generate_messages_cpp
[ 78%] Built target ublox_msgs_generate_messages_py
[ 98%] Built target ublox_msgs_generate_messages_eus
[ 98%] Built target ublox_msgs_generate_messages
[100%] [32mBuilding CXX object CMakeFiles/ublox_msgs.dir/src/ublox_msgs.cpp.o[0m
[100%] [32m[1mLinking CXX shared library /home/soo/sve_design_project/devel/.private/ublox_msgs/lib/libublox_msgs.so[0m
[100%] Built target ublox_msgs
