[35m[1mScanning dependencies of target _ublox_msgs_generate_messages_check_deps_NavVELNED[0m
[  0%] Built target _ublox_msgs_generate_messages_check_deps_NavVELNED
[35m[1mScanning dependencies of target _ublox_msgs_generate_messages_check_deps_RxmSVSI_SV[0m
[  0%] Built target _ublox_msgs_generate_messages_check_deps_RxmSVSI_SV
[35m[1mScanning dependencies of target _ublox_msgs_generate_messages_check_deps_EsfSTATUS[0m
[  0%] Built target _ublox_msgs_generate_messages_check_deps_EsfSTATUS
[35m[1mScanning dependencies of target _ublox_msgs_generate_messages_check_deps_NavCLOCK[0m
[  0%] Built target _ublox_msgs_generate_messages_check_deps_NavCLOCK
[35m[1mScanning dependencies of target _ublox_msgs_generate_messages_check_deps_CfgNMEA[0m
[  0%] Built target _ublox_msgs_generate_messages_check_deps_CfgNMEA
[35m[1mScanning dependencies of target _ublox_msgs_generate_messages_check_deps_CfgUSB[0m
[  0%] Built target _ublox_msgs_generate_messages_check_deps_CfgUSB
[35m[1mScanning dependencies of target _ublox_msgs_generate_messages_check_deps_EsfINS[0m
[  0%] Built target _ublox_msgs_generate_messages_check_deps_EsfINS
[35m[1mScanning dependencies of target _ublox_msgs_generate_messages_check_deps_NavSOL[0m
[  0%] Built target _ublox_msgs_generate_messages_check_deps_NavSOL
[35m[1mScanning dependencies of target _ublox_msgs_generate_messages_check_deps_CfgGNSS_Block[0m
[  0%] Built target _ublox_msgs_generate_messages_check_deps_CfgGNSS_Block
[35m[1mScanning dependencies of target _ublox_msgs_generate_messages_check_deps_NavTIMEGPS[0m
[  0%] Built target _ublox_msgs_generate_messages_check_deps_NavTIMEGPS
[35m[1mScanning dependencies of target _ublox_msgs_generate_messages_check_deps_TimTM2[0m
[  0%] Built target _ublox_msgs_generate_messages_check_deps_TimTM2
[35m[1mScanning dependencies of target _ublox_msgs_generate_messages_check_deps_EsfRAW[0m
[  0%] Built target _ublox_msgs_generate_messages_check_deps_EsfRAW
[35m[1mScanning dependencies of target _ublox_msgs_generate_messages_check_deps_HnrPVT[0m
[  0%] Built target _ublox_msgs_generate_messages_check_deps_HnrPVT
[35m[1mScanning dependencies of target _ublox_msgs_generate_messages_check_deps_CfgRATE[0m
[  0%] Built target _ublox_msgs_generate_messages_check_deps_CfgRATE
[35m[1mScanning dependencies of target _ublox_msgs_generate_messages_check_deps_CfgMSG[0m
[  0%] Built target _ublox_msgs_generate_messages_check_deps_CfgMSG
[35m[1mScanning dependencies of target _ublox_msgs_generate_messages_check_deps_RxmRAWX_Meas[0m
[  0%] Built target _ublox_msgs_generate_messages_check_deps_RxmRAWX_Meas
[35m[1mScanning dependencies of target _ublox_msgs_generate_messages_check_deps_RxmRAW_SV[0m
[  0%] Built target _ublox_msgs_generate_messages_check_deps_RxmRAW_SV
[35m[1mScanning dependencies of target _ublox_msgs_generate_messages_check_deps_NavSTATUS[0m
[  0%] Built target _ublox_msgs_generate_messages_check_deps_NavSTATUS
[35m[1mScanning dependencies of target _ublox_msgs_generate_messages_check_deps_CfgHNR[0m
[  0%] Built target _ublox_msgs_generate_messages_check_deps_CfgHNR
[35m[1mScanning dependencies of target _ublox_msgs_generate_messages_check_deps_UpdSOS[0m
[  0%] Built target _ublox_msgs_generate_messages_check_deps_UpdSOS
[35m[1mScanning dependencies of target _ublox_msgs_generate_messages_check_deps_CfgNMEA7[0m
[  0%] Built target _ublox_msgs_generate_messages_check_deps_CfgNMEA7
[35m[1mScanning dependencies of target _ublox_msgs_generate_messages_check_deps_RxmEPH[0m
[  0%] Built target _ublox_msgs_generate_messages_check_deps_RxmEPH
[35m[1mScanning dependencies of target _ublox_msgs_generate_messages_check_deps_NavDGPS[0m
[  0%] Built target _ublox_msgs_generate_messages_check_deps_NavDGPS
[35m[1mScanning dependencies of target sensor_msgs_generate_messages_lisp[0m
[  0%] Built target sensor_msgs_generate_messages_lisp
[35m[1mScanning dependencies of target _ublox_msgs_generate_messages_check_deps_NavRELPOSNED[0m
[  0%] Built target _ublox_msgs_generate_messages_check_deps_NavRELPOSNED
[35m[1mScanning dependencies of target _ublox_msgs_generate_messages_check_deps_NavDOP[0m
[  0%] Built target _ublox_msgs_generate_messages_check_deps_NavDOP
[35m[1mScanning dependencies of target _ublox_msgs_generate_messages_check_deps_NavSBAS[0m
[  0%] Built target _ublox_msgs_generate_messages_check_deps_NavSBAS
[35m[1mScanning dependencies of target _ublox_msgs_generate_messages_check_deps_NavPVT[0m
[  0%] Built target _ublox_msgs_generate_messages_check_deps_NavPVT
[35m[1mScanning dependencies of target _ublox_msgs_generate_messages_check_deps_CfgTMODE3[0m
[  0%] Built target _ublox_msgs_generate_messages_check_deps_CfgTMODE3
[35m[1mScanning dependencies of target _ublox_msgs_generate_messages_check_deps_CfgINF[0m
[  0%] Built target _ublox_msgs_generate_messages_check_deps_CfgINF
[35m[1mScanning dependencies of target _ublox_msgs_generate_messages_check_deps_RxmALM[0m
[  0%] Built target _ublox_msgs_generate_messages_check_deps_RxmALM
[35m[1mScanning dependencies of target _ublox_msgs_generate_messages_check_deps_CfgNAV5[0m
[  0%] Built target _ublox_msgs_generate_messages_check_deps_CfgNAV5
[35m[1mScanning dependencies of target _ublox_msgs_generate_messages_check_deps_NavSVINFO[0m
[  0%] Built target _ublox_msgs_generate_messages_check_deps_NavSVINFO
[35m[1mScanning dependencies of target _ublox_msgs_generate_messages_check_deps_EsfRAW_Block[0m
[  0%] Built target _ublox_msgs_generate_messages_check_deps_EsfRAW_Block
[35m[1mScanning dependencies of target _ublox_msgs_generate_messages_check_deps_RxmRAWX[0m
[  0%] Built target _ublox_msgs_generate_messages_check_deps_RxmRAWX
[35m[1mScanning dependencies of target _ublox_msgs_generate_messages_check_deps_CfgCFG[0m
[  0%] Built target _ublox_msgs_generate_messages_check_deps_CfgCFG
[35m[1mScanning dependencies of target _ublox_msgs_generate_messages_check_deps_Inf[0m
[  0%] Built target _ublox_msgs_generate_messages_check_deps_Inf
[35m[1mScanning dependencies of target _ublox_msgs_generate_messages_check_deps_MonVER[0m
[  0%] Built target _ublox_msgs_generate_messages_check_deps_MonVER
[35m[1mScanning dependencies of target _ublox_msgs_generate_messages_check_deps_RxmRAW[0m
[  0%] Built target _ublox_msgs_generate_messages_check_deps_RxmRAW
[35m[1mScanning dependencies of target _ublox_msgs_generate_messages_check_deps_EsfMEAS[0m
[  0%] Built target _ublox_msgs_generate_messages_check_deps_EsfMEAS
[35m[1mScanning dependencies of target std_msgs_generate_messages_lisp[0m
[  0%] Built target std_msgs_generate_messages_lisp
[35m[1mScanning dependencies of target _ublox_msgs_generate_messages_check_deps_MonGNSS[0m
[  0%] Built target _ublox_msgs_generate_messages_check_deps_MonGNSS
[35m[1mScanning dependencies of target _ublox_msgs_generate_messages_check_deps_CfgANT[0m
[  0%] Built target _ublox_msgs_generate_messages_check_deps_CfgANT
[35m[1mScanning dependencies of target _ublox_msgs_generate_messages_check_deps_CfgRST[0m
[  0%] Built target _ublox_msgs_generate_messages_check_deps_CfgRST
[35m[1mScanning dependencies of target _ublox_msgs_generate_messages_check_deps_RxmRTCM[0m
[  0%] Built target _ublox_msgs_generate_messages_check_deps_RxmRTCM
[35m[1mScanning dependencies of target _ublox_msgs_generate_messages_check_deps_CfgSBAS[0m
[  0%] Built target _ublox_msgs_generate_messages_check_deps_CfgSBAS
[35m[1mScanning dependencies of target _ublox_msgs_generate_messages_check_deps_CfgNAVX5[0m
[  0%] Built target _ublox_msgs_generate_messages_check_deps_CfgNAVX5
[35m[1mScanning dependencies of target _ublox_msgs_generate_messages_check_deps_RxmSFRBX[0m
[  0%] Built target _ublox_msgs_generate_messages_check_deps_RxmSFRBX
[35m[1mScanning dependencies of target _ublox_msgs_generate_messages_check_deps_CfgINF_Block[0m
[  0%] Built target _ublox_msgs_generate_messages_check_deps_CfgINF_Block
[35m[1mScanning dependencies of target _ublox_msgs_generate_messages_check_deps_MonVER_Extension[0m
[  0%] Built target _ublox_msgs_generate_messages_check_deps_MonVER_Extension
[35m[1mScanning dependencies of target _ublox_msgs_generate_messages_check_deps_NavATT[0m
[  0%] Built target _ublox_msgs_generate_messages_check_deps_NavATT
[35m[1mScanning dependencies of target _ublox_msgs_generate_messages_check_deps_Ack[0m
[  0%] Built target _ublox_msgs_generate_messages_check_deps_Ack
[35m[1mScanning dependencies of target _ublox_msgs_generate_messages_check_deps_CfgPRT[0m
[  0%] Built target _ublox_msgs_generate_messages_check_deps_CfgPRT
[35m[1mScanning dependencies of target _ublox_msgs_generate_messages_check_deps_CfgDAT[0m
[  0%] Built target _ublox_msgs_generate_messages_check_deps_CfgDAT
[35m[1mScanning dependencies of target _ublox_msgs_generate_messages_check_deps_NavPVT7[0m
[  0%] Built target _ublox_msgs_generate_messages_check_deps_NavPVT7
[35m[1mScanning dependencies of target _ublox_msgs_generate_messages_check_deps_AidALM[0m
[  0%] Built target _ublox_msgs_generate_messages_check_deps_AidALM
[35m[1mScanning dependencies of target _ublox_msgs_generate_messages_check_deps_NavSAT[0m
[  0%] Built target _ublox_msgs_generate_messages_check_deps_NavSAT
[35m[1mScanning dependencies of target _ublox_msgs_generate_messages_check_deps_CfgGNSS[0m
[  0%] Built target _ublox_msgs_generate_messages_check_deps_CfgGNSS
[35m[1mScanning dependencies of target _ublox_msgs_generate_messages_check_deps_NavDGPS_SV[0m
[  0%] Built target _ublox_msgs_generate_messages_check_deps_NavDGPS_SV
[35m[1mScanning dependencies of target _ublox_msgs_generate_messages_check_deps_CfgDGNSS[0m
[  0%] Built target _ublox_msgs_generate_messages_check_deps_CfgDGNSS
[35m[1mScanning dependencies of target _ublox_msgs_generate_messages_check_deps_NavSBAS_SV[0m
[  0%] Built target _ublox_msgs_generate_messages_check_deps_NavSBAS_SV
[35m[1mScanning dependencies of target _ublox_msgs_generate_messages_check_deps_CfgNMEA6[0m
[  0%] Built target _ublox_msgs_generate_messages_check_deps_CfgNMEA6
[35m[1mScanning dependencies of target _ublox_msgs_generate_messages_check_deps_AidHUI[0m
[  0%] Built target _ublox_msgs_generate_messages_check_deps_AidHUI
[35m[1mScanning dependencies of target _ublox_msgs_generate_messages_check_deps_NavPOSLLH[0m
[  0%] Built target _ublox_msgs_generate_messages_check_deps_NavPOSLLH
[35m[1mScanning dependencies of target _ublox_msgs_generate_messages_check_deps_MonHW6[0m
[  0%] Built target _ublox_msgs_generate_messages_check_deps_MonHW6
[35m[1mScanning dependencies of target _ublox_msgs_generate_messages_check_deps_AidEPH[0m
[  0%] Built target _ublox_msgs_generate_messages_check_deps_AidEPH
[35m[1mScanning dependencies of target _ublox_msgs_generate_messages_check_deps_NavVELECEF[0m
[  0%] Built target _ublox_msgs_generate_messages_check_deps_NavVELECEF
[35m[1mScanning dependencies of target _ublox_msgs_generate_messages_check_deps_RxmSFRB[0m
[  0%] Built target _ublox_msgs_generate_messages_check_deps_RxmSFRB
[35m[1mScanning dependencies of target _ublox_msgs_generate_messages_check_deps_NavSVIN[0m
[  0%] Built target _ublox_msgs_generate_messages_check_deps_NavSVIN
[35m[1mScanning dependencies of target _ublox_msgs_generate_messages_check_deps_NavPOSECEF[0m
[  0%] Built target _ublox_msgs_generate_messages_check_deps_NavPOSECEF
[35m[1mScanning dependencies of target _ublox_msgs_generate_messages_check_deps_NavSAT_SV[0m
[  0%] Built target _ublox_msgs_generate_messages_check_deps_NavSAT_SV
[35m[1mScanning dependencies of target _ublox_msgs_generate_messages_check_deps_NavTIMEUTC[0m
[  0%] Built target _ublox_msgs_generate_messages_check_deps_NavTIMEUTC
[35m[1mScanning dependencies of target _ublox_msgs_generate_messages_check_deps_UpdSOS_Ack[0m
[  0%] Built target _ublox_msgs_generate_messages_check_deps_UpdSOS_Ack
[35m[1mScanning dependencies of target _ublox_msgs_generate_messages_check_deps_MgaGAL[0m
[  0%] Built target _ublox_msgs_generate_messages_check_deps_MgaGAL
[35m[1mScanning dependencies of target _ublox_msgs_generate_messages_check_deps_NavSVINFO_SV[0m
[  0%] Built target _ublox_msgs_generate_messages_check_deps_NavSVINFO_SV
[35m[1mScanning dependencies of target _ublox_msgs_generate_messages_check_deps_RxmSVSI[0m
[  0%] Built target _ublox_msgs_generate_messages_check_deps_RxmSVSI
[35m[1mScanning dependencies of target _ublox_msgs_generate_messages_check_deps_EsfSTATUS_Sens[0m
[  0%] Built target _ublox_msgs_generate_messages_check_deps_EsfSTATUS_Sens
[35m[1mScanning dependencies of target _ublox_msgs_generate_messages_check_deps_MonHW[0m
[  0%] Built target _ublox_msgs_generate_messages_check_deps_MonHW
[35m[1mScanning dependencies of target sensor_msgs_generate_messages_nodejs[0m
[  0%] Built target sensor_msgs_generate_messages_nodejs
[35m[1mScanning dependencies of target std_msgs_generate_messages_nodejs[0m
[  0%] Built target std_msgs_generate_messages_nodejs
[35m[1mScanning dependencies of target sensor_msgs_generate_messages_cpp[0m
[  0%] Built target sensor_msgs_generate_messages_cpp
[35m[1mScanning dependencies of target std_msgs_generate_messages_cpp[0m
[  0%] Built target std_msgs_generate_messages_cpp
[35m[1mScanning dependencies of target std_msgs_generate_messages_py[0m
[  0%] Built target std_msgs_generate_messages_py
[35m[1mScanning dependencies of target sensor_msgs_generate_messages_py[0m
[  0%] Built target sensor_msgs_generate_messages_py
[35m[1mScanning dependencies of target sensor_msgs_generate_messages_eus[0m
[  0%] Built target sensor_msgs_generate_messages_eus
[35m[1mScanning dependencies of target std_msgs_generate_messages_eus[0m
[  0%] Built target std_msgs_generate_messages_eus
[35m[1mScanning dependencies of target geometry_msgs_generate_messages_lisp[0m
[  0%] Built target geometry_msgs_generate_messages_lisp
[35m[1mScanning dependencies of target geometry_msgs_generate_messages_cpp[0m
[  0%] Built target geometry_msgs_generate_messages_cpp
[35m[1mScanning dependencies of target roscpp_generate_messages_cpp[0m
[  0%] Built target roscpp_generate_messages_cpp
[35m[1mScanning dependencies of target _catkin_empty_exported_target[0m
[  0%] Built target _catkin_empty_exported_target
[35m[1mScanning dependencies of target geometry_msgs_generate_messages_eus[0m
[  0%] Built target geometry_msgs_generate_messages_eus
[35m[1mScanning dependencies of target roscpp_generate_messages_lisp[0m
[  0%] Built target roscpp_generate_messages_lisp
[35m[1mScanning dependencies of target roscpp_generate_messages_nodejs[0m
[  0%] Built target roscpp_generate_messages_nodejs
[35m[1mScanning dependencies of target rosgraph_msgs_generate_messages_cpp[0m
[  0%] Built target rosgraph_msgs_generate_messages_cpp
[35m[1mScanning dependencies of target rosgraph_msgs_generate_messages_eus[0m
[  0%] Built target rosgraph_msgs_generate_messages_eus
[35m[1mScanning dependencies of target rosgraph_msgs_generate_messages_lisp[0m
[  0%] Built target rosgraph_msgs_generate_messages_lisp
[35m[1mScanning dependencies of target geometry_msgs_generate_messages_nodejs[0m
[  0%] Built target geometry_msgs_generate_messages_nodejs
[35m[1mScanning dependencies of target roscpp_generate_messages_eus[0m
[  0%] Built target roscpp_generate_messages_eus
[35m[1mScanning dependencies of target rosgraph_msgs_generate_messages_py[0m
[  0%] Built target rosgraph_msgs_generate_messages_py
[35m[1mScanning dependencies of target rosgraph_msgs_generate_messages_nodejs[0m
[  0%] Built target rosgraph_msgs_generate_messages_nodejs
[35m[1mScanning dependencies of target geometry_msgs_generate_messages_py[0m
[  0%] Built target geometry_msgs_generate_messages_py
[35m[1mScanning dependencies of target roscpp_generate_messages_py[0m
[  0%] Built target roscpp_generate_messages_py
[35m[1mScanning dependencies of target ublox_msgs_generate_messages_lisp[0m
[  0%] [34m[1mGenerating Lisp code from ublox_msgs/NavSBAS.msg[0m
[  0%] [34m[1mGenerating Lisp code from ublox_msgs/Inf.msg[0m
[  0%] [34m[1mGenerating Lisp code from ublox_msgs/NavDGPS.msg[0m
[  1%] [34m[1mGenerating Lisp code from ublox_msgs/EsfMEAS.msg[0m
[  1%] [34m[1mGenerating Lisp code from ublox_msgs/RxmRAW.msg[0m
[  1%] [34m[1mGenerating Lisp code from ublox_msgs/Ack.msg[0m
[  1%] [34m[1mGenerating Lisp code from ublox_msgs/CfgTMODE3.msg[0m
[  2%] [34m[1mGenerating Lisp code from ublox_msgs/CfgPRT.msg[0m
[  2%] [34m[1mGenerating Lisp code from ublox_msgs/NavPVT7.msg[0m
[  2%] [34m[1mGenerating Lisp code from ublox_msgs/NavSTATUS.msg[0m
[  2%] [34m[1mGenerating Lisp code from ublox_msgs/RxmRAWX.msg[0m
[  3%] [34m[1mGenerating Lisp code from ublox_msgs/CfgGNSS.msg[0m
[  3%] [34m[1mGenerating Lisp code from ublox_msgs/MonGNSS.msg[0m
[  3%] [34m[1mGenerating Lisp code from ublox_msgs/CfgDGNSS.msg[0m
[  3%] [34m[1mGenerating Lisp code from ublox_msgs/NavSBAS_SV.msg[0m
[  4%] [34m[1mGenerating Lisp code from ublox_msgs/CfgSBAS.msg[0m
[  4%] [34m[1mGenerating Lisp code from ublox_msgs/AidEPH.msg[0m
[  4%] [34m[1mGenerating Lisp code from ublox_msgs/CfgNAVX5.msg[0m
[  4%] [34m[1mGenerating Lisp code from ublox_msgs/NavDGPS_SV.msg[0m
[  5%] [34m[1mGenerating Lisp code from ublox_msgs/NavSVIN.msg[0m
[  5%] [34m[1mGenerating Lisp code from ublox_msgs/RxmRTCM.msg[0m
[  5%] [34m[1mGenerating Lisp code from ublox_msgs/NavSVINFO_SV.msg[0m
[  5%] [34m[1mGenerating Lisp code from ublox_msgs/CfgDAT.msg[0m
[  6%] [34m[1mGenerating Lisp code from ublox_msgs/RxmSVSI_SV.msg[0m
[  6%] [34m[1mGenerating Lisp code from ublox_msgs/NavPOSECEF.msg[0m
[  6%] [34m[1mGenerating Lisp code from ublox_msgs/NavSAT_SV.msg[0m
[  6%] [34m[1mGenerating Lisp code from ublox_msgs/TimTM2.msg[0m
[  7%] [34m[1mGenerating Lisp code from ublox_msgs/MonHW6.msg[0m
[  7%] [34m[1mGenerating Lisp code from ublox_msgs/MonVER_Extension.msg[0m
[  7%] [34m[1mGenerating Lisp code from ublox_msgs/HnrPVT.msg[0m
[  7%] [34m[1mGenerating Lisp code from ublox_msgs/NavRELPOSNED.msg[0m
[  8%] [34m[1mGenerating Lisp code from ublox_msgs/CfgCFG.msg[0m
[  8%] [34m[1mGenerating Lisp code from ublox_msgs/UpdSOS.msg[0m
[  8%] [34m[1mGenerating Lisp code from ublox_msgs/CfgANT.msg[0m
[  8%] [34m[1mGenerating Lisp code from ublox_msgs/MgaGAL.msg[0m
[  9%] [34m[1mGenerating Lisp code from ublox_msgs/CfgUSB.msg[0m
[  9%] [34m[1mGenerating Lisp code from ublox_msgs/RxmSVSI.msg[0m
[  9%] [34m[1mGenerating Lisp code from ublox_msgs/EsfSTATUS_Sens.msg[0m
[  9%] [34m[1mGenerating Lisp code from ublox_msgs/CfgRST.msg[0m
[ 10%] [34m[1mGenerating Lisp code from ublox_msgs/MonHW.msg[0m
[ 10%] [34m[1mGenerating Lisp code from ublox_msgs/NavTIMEUTC.msg[0m
[ 10%] [34m[1mGenerating Lisp code from ublox_msgs/CfgINF.msg[0m
[ 10%] [34m[1mGenerating Lisp code from ublox_msgs/RxmSFRBX.msg[0m
[ 11%] [34m[1mGenerating Lisp code from ublox_msgs/CfgNAV5.msg[0m
[ 11%] [34m[1mGenerating Lisp code from ublox_msgs/RxmALM.msg[0m
[ 11%] [34m[1mGenerating Lisp code from ublox_msgs/NavSVINFO.msg[0m
[ 11%] [34m[1mGenerating Lisp code from ublox_msgs/EsfINS.msg[0m
[ 12%] [34m[1mGenerating Lisp code from ublox_msgs/CfgNMEA7.msg[0m
[ 12%] [34m[1mGenerating Lisp code from ublox_msgs/CfgINF_Block.msg[0m
[ 12%] [34m[1mGenerating Lisp code from ublox_msgs/AidALM.msg[0m
[ 12%] [34m[1mGenerating Lisp code from ublox_msgs/MonVER.msg[0m
[ 13%] [34m[1mGenerating Lisp code from ublox_msgs/RxmEPH.msg[0m
[ 13%] [34m[1mGenerating Lisp code from ublox_msgs/NavPVT.msg[0m
[ 13%] [34m[1mGenerating Lisp code from ublox_msgs/RxmRAW_SV.msg[0m
[ 13%] [34m[1mGenerating Lisp code from ublox_msgs/CfgMSG.msg[0m
[ 14%] [34m[1mGenerating Lisp code from ublox_msgs/CfgHNR.msg[0m
[35m[1mScanning dependencies of target ublox_msgs_generate_messages_nodejs[0m
[ 14%] [34m[1mGenerating Lisp code from ublox_msgs/CfgRATE.msg[0m
[ 14%] [34m[1mGenerating Javascript code from ublox_msgs/NavSBAS.msg[0m
[ 14%] [34m[1mGenerating Lisp code from ublox_msgs/UpdSOS_Ack.msg[0m
[ 14%] [34m[1mGenerating Javascript code from ublox_msgs/Inf.msg[0m
[ 15%] [34m[1mGenerating Javascript code from ublox_msgs/NavDGPS.msg[0m
[ 15%] [34m[1mGenerating Lisp code from ublox_msgs/NavVELNED.msg[0m
[ 16%] [34m[1mGenerating Lisp code from ublox_msgs/EsfRAW.msg[0m
[ 16%] [34m[1mGenerating Javascript code from ublox_msgs/EsfMEAS.msg[0m
[ 16%] [34m[1mGenerating Lisp code from ublox_msgs/RxmRAWX_Meas.msg[0m
[ 16%] [34m[1mGenerating Javascript code from ublox_msgs/RxmRAW.msg[0m
[ 16%] [34m[1mGenerating Lisp code from ublox_msgs/RxmSFRB.msg[0m
[ 16%] [34m[1mGenerating Javascript code from ublox_msgs/Ack.msg[0m
[ 16%] [34m[1mGenerating Lisp code from ublox_msgs/EsfSTATUS.msg[0m
[ 17%] [34m[1mGenerating Javascript code from ublox_msgs/CfgTMODE3.msg[0m
[ 18%] [34m[1mGenerating Lisp code from ublox_msgs/NavTIMEGPS.msg[0m
[ 18%] [34m[1mGenerating Javascript code from ublox_msgs/CfgPRT.msg[0m
[ 18%] [34m[1mGenerating Lisp code from ublox_msgs/CfgGNSS_Block.msg[0m
[ 18%] [34m[1mGenerating Javascript code from ublox_msgs/NavPVT7.msg[0m
[ 18%] [34m[1mGenerating Lisp code from ublox_msgs/NavVELECEF.msg[0m
[ 18%] [34m[1mGenerating Javascript code from ublox_msgs/NavSTATUS.msg[0m
[ 18%] [34m[1mGenerating Lisp code from ublox_msgs/EsfRAW_Block.msg[0m
[ 19%] [34m[1mGenerating Javascript code from ublox_msgs/RxmRAWX.msg[0m
[ 20%] [34m[1mGenerating Lisp code from ublox_msgs/NavSOL.msg[0m
[ 20%] [34m[1mGenerating Javascript code from ublox_msgs/CfgGNSS.msg[0m
[ 20%] [34m[1mGenerating Lisp code from ublox_msgs/CfgNMEA.msg[0m
[ 20%] [34m[1mGenerating Javascript code from ublox_msgs/MonGNSS.msg[0m
[ 20%] [34m[1mGenerating Javascript code from ublox_msgs/CfgDGNSS.msg[0m
[ 20%] [34m[1mGenerating Lisp code from ublox_msgs/AidHUI.msg[0m
[ 21%] [34m[1mGenerating Javascript code from ublox_msgs/NavSBAS_SV.msg[0m
[ 22%] [34m[1mGenerating Lisp code from ublox_msgs/CfgNMEA6.msg[0m
[ 22%] [34m[1mGenerating Javascript code from ublox_msgs/CfgSBAS.msg[0m
[ 22%] [34m[1mGenerating Lisp code from ublox_msgs/NavCLOCK.msg[0m
[ 22%] [34m[1mGenerating Javascript code from ublox_msgs/AidEPH.msg[0m
[ 22%] [34m[1mGenerating Lisp code from ublox_msgs/NavPOSLLH.msg[0m
[ 22%] [34m[1mGenerating Lisp code from ublox_msgs/NavSAT.msg[0m
[ 22%] [34m[1mGenerating Javascript code from ublox_msgs/CfgNAVX5.msg[0m
[ 23%] [34m[1mGenerating Lisp code from ublox_msgs/NavDOP.msg[0m
[ 24%] [34m[1mGenerating Javascript code from ublox_msgs/NavDGPS_SV.msg[0m
[ 24%] [34m[1mGenerating Lisp code from ublox_msgs/NavATT.msg[0m
[ 24%] [34m[1mGenerating Javascript code from ublox_msgs/NavSVIN.msg[0m
[ 24%] [34m[1mGenerating Javascript code from ublox_msgs/RxmRTCM.msg[0m
[ 24%] Built target ublox_msgs_generate_messages_lisp
[ 24%] [34m[1mGenerating Javascript code from ublox_msgs/NavSVINFO_SV.msg[0m
[35m[1mScanning dependencies of target ublox_msgs_generate_messages_cpp[0m
[ 24%] [34m[1mGenerating C++ code from ublox_msgs/NavSBAS.msg[0m
[ 25%] [34m[1mGenerating Javascript code from ublox_msgs/CfgDAT.msg[0m
[ 25%] [34m[1mGenerating Javascript code from ublox_msgs/RxmSVSI_SV.msg[0m
[ 25%] [34m[1mGenerating Javascript code from ublox_msgs/NavPOSECEF.msg[0m
[ 25%] [34m[1mGenerating C++ code from ublox_msgs/Inf.msg[0m
[ 25%] [34m[1mGenerating Javascript code from ublox_msgs/NavSAT_SV.msg[0m
[ 26%] [34m[1mGenerating Javascript code from ublox_msgs/TimTM2.msg[0m
[ 26%] [34m[1mGenerating Javascript code from ublox_msgs/MonHW6.msg[0m
[ 27%] [34m[1mGenerating C++ code from ublox_msgs/NavDGPS.msg[0m
[ 27%] [34m[1mGenerating Javascript code from ublox_msgs/MonVER_Extension.msg[0m
[ 27%] [34m[1mGenerating Javascript code from ublox_msgs/HnrPVT.msg[0m
[ 27%] [34m[1mGenerating C++ code from ublox_msgs/EsfMEAS.msg[0m
[ 28%] [34m[1mGenerating Javascript code from ublox_msgs/NavRELPOSNED.msg[0m
[ 28%] [34m[1mGenerating Javascript code from ublox_msgs/CfgCFG.msg[0m
[ 28%] [34m[1mGenerating Javascript code from ublox_msgs/UpdSOS.msg[0m
[ 28%] [34m[1mGenerating C++ code from ublox_msgs/RxmRAW.msg[0m
[ 28%] [34m[1mGenerating Javascript code from ublox_msgs/CfgANT.msg[0m
[ 29%] [34m[1mGenerating Javascript code from ublox_msgs/MgaGAL.msg[0m
[ 29%] [34m[1mGenerating Javascript code from ublox_msgs/CfgUSB.msg[0m
[ 29%] [34m[1mGenerating C++ code from ublox_msgs/Ack.msg[0m
[ 29%] [34m[1mGenerating Javascript code from ublox_msgs/RxmSVSI.msg[0m
[ 29%] [34m[1mGenerating Javascript code from ublox_msgs/EsfSTATUS_Sens.msg[0m
[ 30%] [34m[1mGenerating C++ code from ublox_msgs/CfgTMODE3.msg[0m
[ 31%] [34m[1mGenerating Javascript code from ublox_msgs/CfgRST.msg[0m
[ 31%] [34m[1mGenerating Javascript code from ublox_msgs/MonHW.msg[0m
[ 31%] [34m[1mGenerating Javascript code from ublox_msgs/NavTIMEUTC.msg[0m
[ 31%] [34m[1mGenerating C++ code from ublox_msgs/CfgPRT.msg[0m
[ 31%] [34m[1mGenerating Javascript code from ublox_msgs/CfgINF.msg[0m
[ 32%] [34m[1mGenerating Javascript code from ublox_msgs/RxmSFRBX.msg[0m
[ 32%] [34m[1mGenerating Javascript code from ublox_msgs/CfgNAV5.msg[0m
[ 32%] [34m[1mGenerating C++ code from ublox_msgs/NavPVT7.msg[0m
[ 32%] [34m[1mGenerating Javascript code from ublox_msgs/RxmALM.msg[0m
[ 32%] [34m[1mGenerating Javascript code from ublox_msgs/NavSVINFO.msg[0m
[ 33%] [34m[1mGenerating Javascript code from ublox_msgs/EsfINS.msg[0m
[ 33%] [34m[1mGenerating C++ code from ublox_msgs/NavSTATUS.msg[0m
[ 33%] [34m[1mGenerating Javascript code from ublox_msgs/CfgNMEA7.msg[0m
[ 33%] [34m[1mGenerating Javascript code from ublox_msgs/CfgINF_Block.msg[0m
[ 33%] [34m[1mGenerating Javascript code from ublox_msgs/AidALM.msg[0m
[ 34%] [34m[1mGenerating C++ code from ublox_msgs/RxmRAWX.msg[0m
[ 35%] [34m[1mGenerating Javascript code from ublox_msgs/MonVER.msg[0m
[ 35%] [34m[1mGenerating Javascript code from ublox_msgs/RxmEPH.msg[0m
[ 35%] [34m[1mGenerating C++ code from ublox_msgs/CfgGNSS.msg[0m
[ 35%] [34m[1mGenerating Javascript code from ublox_msgs/NavPVT.msg[0m
[ 35%] [34m[1mGenerating Javascript code from ublox_msgs/RxmRAW_SV.msg[0m
[ 36%] [34m[1mGenerating Javascript code from ublox_msgs/CfgMSG.msg[0m
[ 36%] [34m[1mGenerating C++ code from ublox_msgs/MonGNSS.msg[0m
[ 36%] [34m[1mGenerating Javascript code from ublox_msgs/CfgHNR.msg[0m
[ 36%] [34m[1mGenerating Javascript code from ublox_msgs/CfgRATE.msg[0m
[ 36%] [34m[1mGenerating Javascript code from ublox_msgs/UpdSOS_Ack.msg[0m
[ 36%] [34m[1mGenerating C++ code from ublox_msgs/CfgDGNSS.msg[0m
[ 37%] [34m[1mGenerating Javascript code from ublox_msgs/NavVELNED.msg[0m
[ 37%] [34m[1mGenerating Javascript code from ublox_msgs/EsfRAW.msg[0m
[ 38%] [34m[1mGenerating C++ code from ublox_msgs/NavSBAS_SV.msg[0m
[ 38%] [34m[1mGenerating Javascript code from ublox_msgs/RxmRAWX_Meas.msg[0m
[ 38%] [34m[1mGenerating Javascript code from ublox_msgs/RxmSFRB.msg[0m
[ 39%] [34m[1mGenerating Javascript code from ublox_msgs/EsfSTATUS.msg[0m
[ 39%] [34m[1mGenerating Javascript code from ublox_msgs/NavTIMEGPS.msg[0m
[ 39%] [34m[1mGenerating Javascript code from ublox_msgs/CfgGNSS_Block.msg[0m
[ 39%] [34m[1mGenerating C++ code from ublox_msgs/CfgSBAS.msg[0m
[35m[1mScanning dependencies of target ublox_msgs_generate_messages_py[0m
[ 39%] [34m[1mGenerating Python from MSG ublox_msgs/NavSBAS[0m
[ 39%] [34m[1mGenerating Javascript code from ublox_msgs/NavVELECEF.msg[0m
[ 40%] [34m[1mGenerating Javascript code from ublox_msgs/EsfRAW_Block.msg[0m
[ 41%] [34m[1mGenerating Python from MSG ublox_msgs/Inf[0m
[ 41%] [34m[1mGenerating Javascript code from ublox_msgs/NavSOL.msg[0m
[ 41%] [34m[1mGenerating C++ code from ublox_msgs/AidEPH.msg[0m
[ 41%] [34m[1mGenerating Javascript code from ublox_msgs/CfgNMEA.msg[0m
[ 41%] [34m[1mGenerating Python from MSG ublox_msgs/NavDGPS[0m
[ 41%] [34m[1mGenerating Javascript code from ublox_msgs/AidHUI.msg[0m
[ 41%] [34m[1mGenerating C++ code from ublox_msgs/CfgNAVX5.msg[0m
[ 42%] [34m[1mGenerating Javascript code from ublox_msgs/CfgNMEA6.msg[0m
[ 42%] [34m[1mGenerating Python from MSG ublox_msgs/EsfMEAS[0m
[ 42%] [34m[1mGenerating Javascript code from ublox_msgs/NavCLOCK.msg[0m
[ 42%] [34m[1mGenerating Python from MSG ublox_msgs/RxmRAW[0m
[ 42%] [34m[1mGenerating Javascript code from ublox_msgs/NavPOSLLH.msg[0m
[ 43%] [34m[1mGenerating C++ code from ublox_msgs/NavDGPS_SV.msg[0m
[ 44%] [34m[1mGenerating Javascript code from ublox_msgs/NavSAT.msg[0m
[ 45%] [34m[1mGenerating Python from MSG ublox_msgs/Ack[0m
[ 45%] [34m[1mGenerating Javascript code from ublox_msgs/NavDOP.msg[0m
[ 45%] [34m[1mGenerating Javascript code from ublox_msgs/NavATT.msg[0m
[ 45%] [34m[1mGenerating Python from MSG ublox_msgs/CfgTMODE3[0m
[ 45%] [34m[1mGenerating C++ code from ublox_msgs/NavSVIN.msg[0m
[ 45%] Built target ublox_msgs_generate_messages_nodejs
[35m[1mScanning dependencies of target ublox_msgs_generate_messages_eus[0m
[ 45%] [34m[1mGenerating EusLisp code from ublox_msgs/NavSBAS.msg[0m
[ 45%] [34m[1mGenerating Python from MSG ublox_msgs/CfgPRT[0m
[ 46%] [34m[1mGenerating EusLisp code from ublox_msgs/Inf.msg[0m
[ 46%] [34m[1mGenerating C++ code from ublox_msgs/RxmRTCM.msg[0m
[ 46%] [34m[1mGenerating Python from MSG ublox_msgs/NavPVT7[0m
[ 46%] [34m[1mGenerating EusLisp code from ublox_msgs/NavDGPS.msg[0m
[ 47%] [34m[1mGenerating Python from MSG ublox_msgs/NavSTATUS[0m
[ 47%] [34m[1mGenerating EusLisp code from ublox_msgs/EsfMEAS.msg[0m
[ 47%] [34m[1mGenerating C++ code from ublox_msgs/NavSVINFO_SV.msg[0m
[ 47%] [34m[1mGenerating EusLisp code from ublox_msgs/RxmRAW.msg[0m
[ 47%] [34m[1mGenerating Python from MSG ublox_msgs/RxmRAWX[0m
[ 48%] [34m[1mGenerating EusLisp code from ublox_msgs/Ack.msg[0m
[ 50%] [34m[1mGenerating C++ code from ublox_msgs/CfgDAT.msg[0m
[ 50%] [34m[1mGenerating Python from MSG ublox_msgs/CfgGNSS[0m
[ 50%] [34m[1mGenerating EusLisp code from ublox_msgs/CfgTMODE3.msg[0m
[ 50%] [34m[1mGenerating Python from MSG ublox_msgs/MonGNSS[0m
[ 50%] [34m[1mGenerating EusLisp code from ublox_msgs/CfgPRT.msg[0m
[ 50%] [34m[1mGenerating C++ code from ublox_msgs/RxmSVSI_SV.msg[0m
[ 51%] [34m[1mGenerating Python from MSG ublox_msgs/CfgDGNSS[0m
[ 51%] [34m[1mGenerating EusLisp code from ublox_msgs/NavPVT7.msg[0m
[ 52%] [34m[1mGenerating EusLisp code from ublox_msgs/NavSTATUS.msg[0m
[ 52%] [34m[1mGenerating Python from MSG ublox_msgs/NavSBAS_SV[0m
[ 52%] [34m[1mGenerating C++ code from ublox_msgs/NavPOSECEF.msg[0m
[ 52%] [34m[1mGenerating EusLisp code from ublox_msgs/RxmRAWX.msg[0m
[ 52%] [34m[1mGenerating Python from MSG ublox_msgs/CfgSBAS[0m
[ 52%] [34m[1mGenerating EusLisp code from ublox_msgs/CfgGNSS.msg[0m
[ 52%] [34m[1mGenerating C++ code from ublox_msgs/NavSAT_SV.msg[0m
[ 52%] [34m[1mGenerating Python from MSG ublox_msgs/AidEPH[0m
[ 52%] [34m[1mGenerating EusLisp code from ublox_msgs/MonGNSS.msg[0m
[ 53%] [34m[1mGenerating EusLisp code from ublox_msgs/CfgDGNSS.msg[0m
[ 54%] [34m[1mGenerating Python from MSG ublox_msgs/CfgNAVX5[0m
[ 55%] [34m[1mGenerating C++ code from ublox_msgs/TimTM2.msg[0m
[ 55%] [34m[1mGenerating EusLisp code from ublox_msgs/NavSBAS_SV.msg[0m
[ 55%] [34m[1mGenerating Python from MSG ublox_msgs/NavDGPS_SV[0m
[ 55%] [34m[1mGenerating EusLisp code from ublox_msgs/CfgSBAS.msg[0m
[ 55%] [34m[1mGenerating C++ code from ublox_msgs/MonHW6.msg[0m
[ 55%] [34m[1mGenerating Python from MSG ublox_msgs/NavSVIN[0m
[ 55%] [34m[1mGenerating EusLisp code from ublox_msgs/AidEPH.msg[0m
[ 55%] [34m[1mGenerating Python from MSG ublox_msgs/RxmRTCM[0m
[ 56%] [34m[1mGenerating EusLisp code from ublox_msgs/CfgNAVX5.msg[0m
[ 56%] [34m[1mGenerating C++ code from ublox_msgs/MonVER_Extension.msg[0m
[ 56%] [34m[1mGenerating EusLisp code from ublox_msgs/NavDGPS_SV.msg[0m
[ 57%] [34m[1mGenerating Python from MSG ublox_msgs/NavSVINFO_SV[0m
[ 57%] [34m[1mGenerating EusLisp code from ublox_msgs/NavSVIN.msg[0m
[ 57%] [34m[1mGenerating Python from MSG ublox_msgs/CfgDAT[0m
[ 57%] [34m[1mGenerating C++ code from ublox_msgs/HnrPVT.msg[0m
[ 57%] [34m[1mGenerating EusLisp code from ublox_msgs/RxmRTCM.msg[0m
[ 57%] [34m[1mGenerating Python from MSG ublox_msgs/RxmSVSI_SV[0m
[ 58%] [34m[1mGenerating EusLisp code from ublox_msgs/NavSVINFO_SV.msg[0m
[ 59%] [34m[1mGenerating C++ code from ublox_msgs/NavRELPOSNED.msg[0m
[ 59%] [34m[1mGenerating Python from MSG ublox_msgs/NavPOSECEF[0m
[ 59%] [34m[1mGenerating EusLisp code from ublox_msgs/CfgDAT.msg[0m
[ 59%] [34m[1mGenerating EusLisp code from ublox_msgs/RxmSVSI_SV.msg[0m
[ 60%] [34m[1mGenerating Python from MSG ublox_msgs/NavSAT_SV[0m
[ 60%] [34m[1mGenerating C++ code from ublox_msgs/CfgCFG.msg[0m
[ 60%] [34m[1mGenerating EusLisp code from ublox_msgs/NavPOSECEF.msg[0m
[ 60%] [34m[1mGenerating Python from MSG ublox_msgs/TimTM2[0m
[ 61%] [34m[1mGenerating EusLisp code from ublox_msgs/NavSAT_SV.msg[0m
[ 61%] [34m[1mGenerating C++ code from ublox_msgs/UpdSOS.msg[0m
[ 61%] [34m[1mGenerating Python from MSG ublox_msgs/MonHW6[0m
[ 61%] [34m[1mGenerating EusLisp code from ublox_msgs/TimTM2.msg[0m
[ 61%] [34m[1mGenerating Python from MSG ublox_msgs/MonVER_Extension[0m
[ 61%] [34m[1mGenerating EusLisp code from ublox_msgs/MonHW6.msg[0m
[ 61%] [34m[1mGenerating C++ code from ublox_msgs/CfgANT.msg[0m
[ 61%] [34m[1mGenerating EusLisp code from ublox_msgs/MonVER_Extension.msg[0m
[ 62%] [34m[1mGenerating Python from MSG ublox_msgs/HnrPVT[0m
[ 63%] [34m[1mGenerating EusLisp code from ublox_msgs/HnrPVT.msg[0m
[ 64%] [34m[1mGenerating C++ code from ublox_msgs/MgaGAL.msg[0m
[ 64%] [34m[1mGenerating Python from MSG ublox_msgs/NavRELPOSNED[0m
[ 64%] [34m[1mGenerating EusLisp code from ublox_msgs/NavRELPOSNED.msg[0m
[ 64%] [34m[1mGenerating Python from MSG ublox_msgs/CfgCFG[0m
[ 64%] [34m[1mGenerating EusLisp code from ublox_msgs/CfgCFG.msg[0m
[ 64%] [34m[1mGenerating C++ code from ublox_msgs/CfgUSB.msg[0m
[ 64%] [34m[1mGenerating Python from MSG ublox_msgs/UpdSOS[0m
[ 64%] [34m[1mGenerating EusLisp code from ublox_msgs/UpdSOS.msg[0m
[ 65%] [34m[1mGenerating EusLisp code from ublox_msgs/CfgANT.msg[0m
[ 65%] [34m[1mGenerating C++ code from ublox_msgs/RxmSVSI.msg[0m
[ 66%] [34m[1mGenerating Python from MSG ublox_msgs/CfgANT[0m
[ 66%] [34m[1mGenerating EusLisp code from ublox_msgs/MgaGAL.msg[0m
[ 66%] [34m[1mGenerating Python from MSG ublox_msgs/MgaGAL[0m
[ 66%] [34m[1mGenerating EusLisp code from ublox_msgs/CfgUSB.msg[0m
[ 66%] [34m[1mGenerating C++ code from ublox_msgs/EsfSTATUS_Sens.msg[0m
[ 66%] [34m[1mGenerating Python from MSG ublox_msgs/CfgUSB[0m
[ 66%] [34m[1mGenerating EusLisp code from ublox_msgs/RxmSVSI.msg[0m
[ 66%] [34m[1mGenerating Python from MSG ublox_msgs/RxmSVSI[0m
[ 67%] [34m[1mGenerating EusLisp code from ublox_msgs/EsfSTATUS_Sens.msg[0m
[ 68%] [34m[1mGenerating C++ code from ublox_msgs/CfgRST.msg[0m
[ 68%] [34m[1mGenerating EusLisp code from ublox_msgs/CfgRST.msg[0m
[ 69%] [34m[1mGenerating Python from MSG ublox_msgs/EsfSTATUS_Sens[0m
[ 69%] [34m[1mGenerating EusLisp code from ublox_msgs/MonHW.msg[0m
[ 69%] [34m[1mGenerating C++ code from ublox_msgs/MonHW.msg[0m
[ 69%] [34m[1mGenerating Python from MSG ublox_msgs/CfgRST[0m
[ 69%] [34m[1mGenerating EusLisp code from ublox_msgs/NavTIMEUTC.msg[0m
[ 69%] [34m[1mGenerating Python from MSG ublox_msgs/MonHW[0m
[ 69%] [34m[1mGenerating C++ code from ublox_msgs/NavTIMEUTC.msg[0m
[ 70%] [34m[1mGenerating EusLisp code from ublox_msgs/CfgINF.msg[0m
[ 70%] [34m[1mGenerating Python from MSG ublox_msgs/NavTIMEUTC[0m
[ 70%] [34m[1mGenerating EusLisp code from ublox_msgs/RxmSFRBX.msg[0m
[ 70%] [34m[1mGenerating C++ code from ublox_msgs/CfgINF.msg[0m
[ 70%] [34m[1mGenerating EusLisp code from ublox_msgs/CfgNAV5.msg[0m
[ 71%] [34m[1mGenerating Python from MSG ublox_msgs/CfgINF[0m
[ 71%] [34m[1mGenerating EusLisp code from ublox_msgs/RxmALM.msg[0m
[ 71%] [34m[1mGenerating Python from MSG ublox_msgs/RxmSFRBX[0m
[ 72%] [34m[1mGenerating C++ code from ublox_msgs/RxmSFRBX.msg[0m
[ 73%] [34m[1mGenerating EusLisp code from ublox_msgs/NavSVINFO.msg[0m
[ 73%] [34m[1mGenerating Python from MSG ublox_msgs/CfgNAV5[0m
[ 73%] [34m[1mGenerating EusLisp code from ublox_msgs/EsfINS.msg[0m
[ 73%] [34m[1mGenerating C++ code from ublox_msgs/CfgNAV5.msg[0m
[ 73%] [34m[1mGenerating Python from MSG ublox_msgs/RxmALM[0m
[ 73%] [34m[1mGenerating EusLisp code from ublox_msgs/CfgNMEA7.msg[0m
[ 73%] [34m[1mGenerating EusLisp code from ublox_msgs/CfgINF_Block.msg[0m
[ 74%] [34m[1mGenerating Python from MSG ublox_msgs/NavSVINFO[0m
[ 74%] [34m[1mGenerating C++ code from ublox_msgs/RxmALM.msg[0m
[ 75%] [34m[1mGenerating EusLisp code from ublox_msgs/AidALM.msg[0m
[ 75%] [34m[1mGenerating Python from MSG ublox_msgs/EsfINS[0m
[ 75%] [34m[1mGenerating EusLisp code from ublox_msgs/MonVER.msg[0m
[ 75%] [34m[1mGenerating Python from MSG ublox_msgs/CfgNMEA7[0m
[ 75%] [34m[1mGenerating C++ code from ublox_msgs/NavSVINFO.msg[0m
[ 75%] [34m[1mGenerating EusLisp code from ublox_msgs/RxmEPH.msg[0m
[ 75%] [34m[1mGenerating Python from MSG ublox_msgs/CfgINF_Block[0m
[ 75%] [34m[1mGenerating EusLisp code from ublox_msgs/NavPVT.msg[0m
[ 76%] [34m[1mGenerating C++ code from ublox_msgs/EsfINS.msg[0m
[ 77%] [34m[1mGenerating Python from MSG ublox_msgs/AidALM[0m
[ 78%] [34m[1mGenerating EusLisp code from ublox_msgs/RxmRAW_SV.msg[0m
[ 78%] [34m[1mGenerating Python from MSG ublox_msgs/MonVER[0m
[ 78%] [34m[1mGenerating EusLisp code from ublox_msgs/CfgMSG.msg[0m
[ 78%] [34m[1mGenerating C++ code from ublox_msgs/CfgNMEA7.msg[0m
[ 78%] [34m[1mGenerating EusLisp code from ublox_msgs/CfgHNR.msg[0m
[ 78%] [34m[1mGenerating Python from MSG ublox_msgs/RxmEPH[0m
[ 78%] [34m[1mGenerating EusLisp code from ublox_msgs/CfgRATE.msg[0m
[ 78%] [34m[1mGenerating C++ code from ublox_msgs/CfgINF_Block.msg[0m
[ 78%] [34m[1mGenerating Python from MSG ublox_msgs/NavPVT[0m
[ 79%] [34m[1mGenerating EusLisp code from ublox_msgs/UpdSOS_Ack.msg[0m
[ 80%] [34m[1mGenerating Python from MSG ublox_msgs/RxmRAW_SV[0m
[ 80%] [34m[1mGenerating EusLisp code from ublox_msgs/NavVELNED.msg[0m
[ 80%] [34m[1mGenerating C++ code from ublox_msgs/AidALM.msg[0m
[ 80%] [34m[1mGenerating Python from MSG ublox_msgs/CfgMSG[0m
[ 80%] [34m[1mGenerating EusLisp code from ublox_msgs/EsfRAW.msg[0m
[ 80%] [34m[1mGenerating Python from MSG ublox_msgs/CfgHNR[0m
[ 81%] [34m[1mGenerating C++ code from ublox_msgs/MonVER.msg[0m
[ 81%] [34m[1mGenerating EusLisp code from ublox_msgs/RxmRAWX_Meas.msg[0m
[ 81%] [34m[1mGenerating Python from MSG ublox_msgs/CfgRATE[0m
[ 82%] [34m[1mGenerating EusLisp code from ublox_msgs/RxmSFRB.msg[0m
[ 82%] [34m[1mGenerating C++ code from ublox_msgs/RxmEPH.msg[0m
[ 82%] [34m[1mGenerating EusLisp code from ublox_msgs/EsfSTATUS.msg[0m
[ 83%] [34m[1mGenerating Python from MSG ublox_msgs/UpdSOS_Ack[0m
[ 83%] [34m[1mGenerating EusLisp code from ublox_msgs/NavTIMEGPS.msg[0m
[ 83%] [34m[1mGenerating Python from MSG ublox_msgs/NavVELNED[0m
[ 83%] [34m[1mGenerating C++ code from ublox_msgs/NavPVT.msg[0m
[ 83%] [34m[1mGenerating EusLisp code from ublox_msgs/CfgGNSS_Block.msg[0m
[ 83%] [34m[1mGenerating Python from MSG ublox_msgs/EsfRAW[0m
[ 84%] [34m[1mGenerating EusLisp code from ublox_msgs/NavVELECEF.msg[0m
[ 84%] [34m[1mGenerating C++ code from ublox_msgs/RxmRAW_SV.msg[0m
[ 84%] [34m[1mGenerating Python from MSG ublox_msgs/RxmRAWX_Meas[0m
[ 84%] [34m[1mGenerating EusLisp code from ublox_msgs/EsfRAW_Block.msg[0m
[ 85%] [34m[1mGenerating Python from MSG ublox_msgs/RxmSFRB[0m
[ 85%] [34m[1mGenerating EusLisp code from ublox_msgs/NavSOL.msg[0m
[ 86%] [34m[1mGenerating C++ code from ublox_msgs/CfgMSG.msg[0m
[ 86%] [34m[1mGenerating Python from MSG ublox_msgs/EsfSTATUS[0m
[ 87%] [34m[1mGenerating EusLisp code from ublox_msgs/CfgNMEA.msg[0m
[ 87%] [34m[1mGenerating C++ code from ublox_msgs/CfgHNR.msg[0m
[ 87%] [34m[1mGenerating EusLisp code from ublox_msgs/AidHUI.msg[0m
[ 87%] [34m[1mGenerating Python from MSG ublox_msgs/NavTIMEGPS[0m
[ 87%] [34m[1mGenerating EusLisp code from ublox_msgs/CfgNMEA6.msg[0m
[ 87%] [34m[1mGenerating Python from MSG ublox_msgs/CfgGNSS_Block[0m
[ 87%] [34m[1mGenerating C++ code from ublox_msgs/CfgRATE.msg[0m
[ 87%] [34m[1mGenerating EusLisp code from ublox_msgs/NavCLOCK.msg[0m
[ 88%] [34m[1mGenerating Python from MSG ublox_msgs/NavVELECEF[0m
[ 89%] [34m[1mGenerating EusLisp code from ublox_msgs/NavPOSLLH.msg[0m
[ 89%] [34m[1mGenerating C++ code from ublox_msgs/UpdSOS_Ack.msg[0m
[ 89%] [34m[1mGenerating Python from MSG ublox_msgs/EsfRAW_Block[0m
[ 89%] [34m[1mGenerating EusLisp code from ublox_msgs/NavSAT.msg[0m
[ 89%] [34m[1mGenerating EusLisp code from ublox_msgs/NavDOP.msg[0m
[ 89%] [34m[1mGenerating Python from MSG ublox_msgs/NavSOL[0m
[ 90%] [34m[1mGenerating C++ code from ublox_msgs/NavVELNED.msg[0m
[ 90%] [34m[1mGenerating EusLisp code from ublox_msgs/NavATT.msg[0m
[ 90%] [34m[1mGenerating Python from MSG ublox_msgs/CfgNMEA[0m
[ 91%] [34m[1mGenerating EusLisp manifest code for ublox_msgs[0m
[ 92%] [34m[1mGenerating Python from MSG ublox_msgs/AidHUI[0m
[ 92%] [34m[1mGenerating C++ code from ublox_msgs/EsfRAW.msg[0m
[ 92%] [34m[1mGenerating Python from MSG ublox_msgs/CfgNMEA6[0m
[ 92%] [34m[1mGenerating C++ code from ublox_msgs/RxmRAWX_Meas.msg[0m
[ 92%] [34m[1mGenerating Python from MSG ublox_msgs/NavCLOCK[0m
[ 92%] [34m[1mGenerating C++ code from ublox_msgs/RxmSFRB.msg[0m
[ 92%] [34m[1mGenerating Python from MSG ublox_msgs/NavPOSLLH[0m
[ 93%] [34m[1mGenerating Python from MSG ublox_msgs/NavSAT[0m
[ 94%] [34m[1mGenerating C++ code from ublox_msgs/EsfSTATUS.msg[0m
[ 94%] [34m[1mGenerating Python from MSG ublox_msgs/NavDOP[0m
[ 94%] Built target ublox_msgs_generate_messages_eus
[ 94%] [34m[1mGenerating Python from MSG ublox_msgs/NavATT[0m
[ 94%] [34m[1mGenerating C++ code from ublox_msgs/NavTIMEGPS.msg[0m
[ 94%] [34m[1mGenerating C++ code from ublox_msgs/CfgGNSS_Block.msg[0m
[ 95%] [34m[1mGenerating Python msg __init__.py for ublox_msgs[0m
[ 96%] [34m[1mGenerating C++ code from ublox_msgs/NavVELECEF.msg[0m
[ 96%] Built target ublox_msgs_generate_messages_py
[ 96%] [34m[1mGenerating C++ code from ublox_msgs/EsfRAW_Block.msg[0m
[ 96%] [34m[1mGenerating C++ code from ublox_msgs/NavSOL.msg[0m
[ 96%] [34m[1mGenerating C++ code from ublox_msgs/CfgNMEA.msg[0m
[ 97%] [34m[1mGenerating C++ code from ublox_msgs/AidHUI.msg[0m
[ 97%] [34m[1mGenerating C++ code from ublox_msgs/CfgNMEA6.msg[0m
[ 97%] [34m[1mGenerating C++ code from ublox_msgs/NavCLOCK.msg[0m
[ 97%] [34m[1mGenerating C++ code from ublox_msgs/NavPOSLLH.msg[0m
[ 98%] [34m[1mGenerating C++ code from ublox_msgs/NavSAT.msg[0m
[ 98%] [34m[1mGenerating C++ code from ublox_msgs/NavDOP.msg[0m
[ 98%] [34m[1mGenerating C++ code from ublox_msgs/NavATT.msg[0m
[ 98%] Built target ublox_msgs_generate_messages_cpp
[35m[1mScanning dependencies of target ublox_msgs_generate_messages[0m
[ 98%] Built target ublox_msgs_generate_messages
[35m[1mScanning dependencies of target ublox_msgs[0m
[100%] [32mBuilding CXX object CMakeFiles/ublox_msgs.dir/src/ublox_msgs.cpp.o[0m
[100%] [32m[1mLinking CXX shared library /home/soo/sve_design_project/devel/lib/libublox_msgs.so[0m
[100%] Built target ublox_msgs
