Determining if the pthread_create exist failed with the following output:
Change Dir: /home/soo/sve_design_project/build/behavior_planning/CMakeFiles/CMakeTmp

Run Build Command:"/usr/bin/make" "cmTC_01a90/fast"
/usr/bin/make -f CMakeFiles/cmTC_01a90.dir/build.make CMakeFiles/cmTC_01a90.dir/build
make[1]: 디렉터리 '/home/soo/sve_design_project/build/behavior_planning/CMakeFiles/CMakeTmp' 들어감
Building C object CMakeFiles/cmTC_01a90.dir/CheckSymbolExists.c.o
/usr/bin/cc    -o CMakeFiles/cmTC_01a90.dir/CheckSymbolExists.c.o   -c /home/soo/sve_design_project/build/behavior_planning/CMakeFiles/CMakeTmp/CheckSymbolExists.c
Linking C executable cmTC_01a90
/usr/bin/cmake -E cmake_link_script CMakeFiles/cmTC_01a90.dir/link.txt --verbose=1
/usr/bin/cc      -rdynamic CMakeFiles/cmTC_01a90.dir/CheckSymbolExists.c.o  -o cmTC_01a90 
CMakeFiles/cmTC_01a90.dir/CheckSymbolExists.c.o: In function `main':
CheckSymbolExists.c:(.text+0x1b): undefined reference to `pthread_create'
collect2: error: ld returned 1 exit status
CMakeFiles/cmTC_01a90.dir/build.make:97: recipe for target 'cmTC_01a90' failed
make[1]: *** [cmTC_01a90] Error 1
make[1]: 디렉터리 '/home/soo/sve_design_project/build/behavior_planning/CMakeFiles/CMakeTmp' 나감
Makefile:126: recipe for target 'cmTC_01a90/fast' failed
make: *** [cmTC_01a90/fast] Error 2

File /home/soo/sve_design_project/build/behavior_planning/CMakeFiles/CMakeTmp/CheckSymbolExists.c:
/* */
#include <pthread.h>

int main(int argc, char** argv)
{
  (void)argv;
#ifndef pthread_create
  return ((int*)(&pthread_create))[argc];
#else
  (void)argc;
  return 0;
#endif
}

Determining if the function pthread_create exists in the pthreads failed with the following output:
Change Dir: /home/soo/sve_design_project/build/behavior_planning/CMakeFiles/CMakeTmp

Run Build Command:"/usr/bin/make" "cmTC_48c49/fast"
/usr/bin/make -f CMakeFiles/cmTC_48c49.dir/build.make CMakeFiles/cmTC_48c49.dir/build
make[1]: 디렉터리 '/home/soo/sve_design_project/build/behavior_planning/CMakeFiles/CMakeTmp' 들어감
Building C object CMakeFiles/cmTC_48c49.dir/CheckFunctionExists.c.o
/usr/bin/cc   -DCHECK_FUNCTION_EXISTS=pthread_create   -o CMakeFiles/cmTC_48c49.dir/CheckFunctionExists.c.o   -c /usr/share/cmake-3.10/Modules/CheckFunctionExists.c
Linking C executable cmTC_48c49
/usr/bin/cmake -E cmake_link_script CMakeFiles/cmTC_48c49.dir/link.txt --verbose=1
/usr/bin/cc  -DCHECK_FUNCTION_EXISTS=pthread_create    -rdynamic CMakeFiles/cmTC_48c49.dir/CheckFunctionExists.c.o  -o cmTC_48c49 -lpthreads 
/usr/bin/ld: cannot find -lpthreads
collect2: error: ld returned 1 exit status
CMakeFiles/cmTC_48c49.dir/build.make:97: recipe for target 'cmTC_48c49' failed
make[1]: *** [cmTC_48c49] Error 1
make[1]: 디렉터리 '/home/soo/sve_design_project/build/behavior_planning/CMakeFiles/CMakeTmp' 나감
Makefile:126: recipe for target 'cmTC_48c49/fast' failed
make: *** [cmTC_48c49/fast] Error 2


