Determining if the pthread_create exist failed with the following output:
Change Dir: /home/soo/sve_design_project/build/rosbag_to_csv/CMakeFiles/CMakeTmp

Run Build Command:"/usr/bin/make" "cmTC_630d0/fast"
/usr/bin/make -f CMakeFiles/cmTC_630d0.dir/build.make CMakeFiles/cmTC_630d0.dir/build
make[1]: 디렉터리 '/home/soo/sve_design_project/build/rosbag_to_csv/CMakeFiles/CMakeTmp' 들어감
Building C object CMakeFiles/cmTC_630d0.dir/CheckSymbolExists.c.o
/usr/bin/cc    -o CMakeFiles/cmTC_630d0.dir/CheckSymbolExists.c.o   -c /home/soo/sve_design_project/build/rosbag_to_csv/CMakeFiles/CMakeTmp/CheckSymbolExists.c
Linking C executable cmTC_630d0
/usr/bin/cmake -E cmake_link_script CMakeFiles/cmTC_630d0.dir/link.txt --verbose=1
/usr/bin/cc      -rdynamic CMakeFiles/cmTC_630d0.dir/CheckSymbolExists.c.o  -o cmTC_630d0 
CMakeFiles/cmTC_630d0.dir/CheckSymbolExists.c.o: In function `main':
CheckSymbolExists.c:(.text+0x1b): undefined reference to `pthread_create'
collect2: error: ld returned 1 exit status
CMakeFiles/cmTC_630d0.dir/build.make:97: recipe for target 'cmTC_630d0' failed
make[1]: *** [cmTC_630d0] Error 1
make[1]: 디렉터리 '/home/soo/sve_design_project/build/rosbag_to_csv/CMakeFiles/CMakeTmp' 나감
Makefile:126: recipe for target 'cmTC_630d0/fast' failed
make: *** [cmTC_630d0/fast] Error 2

File /home/soo/sve_design_project/build/rosbag_to_csv/CMakeFiles/CMakeTmp/CheckSymbolExists.c:
/* */
#include <pthread.h>

int main(int argc, char** argv)
{
  (void)argv;
#ifndef pthread_create
  return ((int*)(&pthread_create))[argc];
#else
  (void)argc;
  return 0;
#endif
}

Determining if the function pthread_create exists in the pthreads failed with the following output:
Change Dir: /home/soo/sve_design_project/build/rosbag_to_csv/CMakeFiles/CMakeTmp

Run Build Command:"/usr/bin/make" "cmTC_32fd3/fast"
/usr/bin/make -f CMakeFiles/cmTC_32fd3.dir/build.make CMakeFiles/cmTC_32fd3.dir/build
make[1]: 디렉터리 '/home/soo/sve_design_project/build/rosbag_to_csv/CMakeFiles/CMakeTmp' 들어감
Building C object CMakeFiles/cmTC_32fd3.dir/CheckFunctionExists.c.o
/usr/bin/cc   -DCHECK_FUNCTION_EXISTS=pthread_create   -o CMakeFiles/cmTC_32fd3.dir/CheckFunctionExists.c.o   -c /usr/share/cmake-3.10/Modules/CheckFunctionExists.c
Linking C executable cmTC_32fd3
/usr/bin/cmake -E cmake_link_script CMakeFiles/cmTC_32fd3.dir/link.txt --verbose=1
/usr/bin/cc  -DCHECK_FUNCTION_EXISTS=pthread_create    -rdynamic CMakeFiles/cmTC_32fd3.dir/CheckFunctionExists.c.o  -o cmTC_32fd3 -lpthreads 
/usr/bin/ld: cannot find -lpthreads
collect2: error: ld returned 1 exit status
CMakeFiles/cmTC_32fd3.dir/build.make:97: recipe for target 'cmTC_32fd3' failed
make[1]: *** [cmTC_32fd3] Error 1
make[1]: 디렉터리 '/home/soo/sve_design_project/build/rosbag_to_csv/CMakeFiles/CMakeTmp' 나감
Makefile:126: recipe for target 'cmTC_32fd3/fast' failed
make: *** [cmTC_32fd3/fast] Error 2


