[  0%] Built target std_msgs_generate_messages_eus
[  0%] Built target visualization_msgs_generate_messages_py
[  0%] Built target visualization_msgs_generate_messages_eus
[  0%] Built target geometry_msgs_generate_messages_py
[  0%] Built target visualization_msgs_generate_messages_nodejs
[  0%] Built target std_msgs_generate_messages_cpp
[  0%] Built target std_msgs_generate_messages_nodejs
[  0%] Built target geometry_msgs_generate_messages_nodejs
[  0%] Built target sensor_msgs_generate_messages_lisp
[  0%] Built target tf_generate_messages_lisp
[  0%] Built target roscpp_generate_messages_lisp
[  0%] Built target roscpp_generate_messages_cpp
[  0%] Built target geometry_msgs_generate_messages_eus
[  0%] Built target sensor_msgs_generate_messages_nodejs
[  0%] Built target actionlib_generate_messages_cpp
[  0%] Built target std_msgs_generate_messages_lisp
[  0%] Built target roscpp_generate_messages_nodejs
[  0%] Built target std_msgs_generate_messages_py
[  0%] Built target roscpp_generate_messages_py
[  0%] Built target _catkin_empty_exported_target
[  0%] Built target sensor_msgs_generate_messages_eus
[  0%] Built target geometry_msgs_generate_messages_lisp
[  0%] Built target rosgraph_msgs_generate_messages_cpp
[  0%] Built target rosgraph_msgs_generate_messages_eus
[  0%] Built target rosgraph_msgs_generate_messages_lisp
[  0%] Built target sensor_msgs_generate_messages_py
[  0%] Built target tf_generate_messages_py
[  0%] Built target tf_generate_messages_nodejs
[  0%] Built target path_generator_generate_messages_py
[  0%] Built target rosgraph_msgs_generate_messages_nodejs
[  0%] Built target sensor_msgs_generate_messages_cpp
[  0%] Built target actionlib_generate_messages_eus
[  0%] Built target geometry_msgs_generate_messages_cpp
[  0%] Built target actionlib_generate_messages_lisp
[  0%] Built target tf_generate_messages_cpp
[  0%] Built target actionlib_generate_messages_nodejs
[  0%] Built target tf_generate_messages_eus
[  0%] Built target actionlib_msgs_generate_messages_cpp
[  0%] Built target visualization_msgs_generate_messages_lisp
[  0%] Built target roscpp_generate_messages_eus
[  0%] Built target rosgraph_msgs_generate_messages_py
[  0%] Built target actionlib_msgs_generate_messages_eus
[  0%] Built target actionlib_msgs_generate_messages_lisp
[  0%] Built target actionlib_msgs_generate_messages_py
[  0%] Built target tf2_msgs_generate_messages_cpp
[  0%] Built target visualization_msgs_generate_messages_cpp
[  0%] Built target tf2_msgs_generate_messages_eus
[  0%] Built target tf2_msgs_generate_messages_lisp
[  0%] Built target actionlib_generate_messages_py
[  0%] Built target tf2_msgs_generate_messages_py
[  0%] Built target tf2_msgs_generate_messages_nodejs
[  0%] Built target kusv_msgs_generate_messages_cpp
[  0%] Built target actionlib_msgs_generate_messages_nodejs
[  0%] Built target kusv_msgs_generate_messages_eus
[  0%] Built target kusv_msgs_generate_messages_lisp
[  0%] Built target kusv_msgs_generate_messages_nodejs
[  0%] Built target kusv_msgs_generate_messages_py
[  0%] Built target path_generator_generate_messages_cpp
[  0%] Built target path_generator_generate_messages_nodejs
[ 14%] Built target path_generator_generate_messages_eus
[ 14%] Built target path_generator_generate_messages_lisp
[35m[1mScanning dependencies of target path_generator[0m
[ 14%] Built target path_generator_generate_messages
[ 28%] [32mBuilding CXX object CMakeFiles/path_generator.dir/src/path_generator.cpp.o[0m
[35m[1mScanning dependencies of target display_marker[0m
[ 42%] [32mBuilding CXX object CMakeFiles/display_marker.dir/src/display_marker.cpp.o[0m
[ 57%] [32m[1mLinking CXX executable /home/soo/sve_design_project/devel/.private/path_generator/lib/path_generator/display_marker[0m
[ 57%] Built target display_marker
[35m[1mScanning dependencies of target find_drivingway[0m
[ 71%] [32mBuilding CXX object CMakeFiles/find_drivingway.dir/src/find_drivingway.cpp.o[0m
[ 85%] [32m[1mLinking CXX executable /home/soo/sve_design_project/devel/.private/path_generator/lib/path_generator/find_drivingway[0m
[ 85%] Built target find_drivingway
[100%] [32m[1mLinking CXX executable /home/soo/sve_design_project/devel/.private/path_generator/lib/path_generator/path_generator[0m
[100%] Built target path_generator
